\BOOKMARK [1][-]{section.1}{\376\377\000I\000n\000t\000r\000o\000d\000u\000c\000t\000i\000o\000n}{}% 1
\BOOKMARK [1][-]{section.2}{\376\377\000B\000a\000c\000k\000g\000r\000o\000u\000n\000d\000\040\000a\000n\000d\000\040\000R\000e\000l\000a\000t\000e\000d\000\040\000W\000o\000r\000k}{}% 2
\BOOKMARK [2][-]{subsection.2.1}{\376\377\000C\000o\000l\000l\000i\000s\000i\000o\000n\000-\000D\000e\000t\000e\000c\000t\000i\000o\000n\000\040\000F\000r\000a\000m\000e\000w\000o\000r\000k\000s}{section.2}% 3
\BOOKMARK [2][-]{subsection.2.2}{\376\377\000C\000o\000l\000l\000i\000s\000i\000o\000n\000-\000D\000e\000t\000e\000c\000t\000i\000o\000n\000\040\000A\000r\000c\000h\000i\000t\000e\000c\000t\000u\000r\000e\000s}{section.2}% 4
\BOOKMARK [2][-]{subsection.2.3}{\376\377\000R\000e\000n\000d\000e\000r\000i\000n\000g\000\040\000a\000n\000d\000\040\000C\000o\000l\000l\000i\000s\000i\000o\000n\000\040\000D\000e\000t\000e\000c\000t\000i\000o\000n}{section.2}% 5
\BOOKMARK [2][-]{subsection.2.4}{\376\377\000G\000a\000p\000\040\000i\000n\000\040\000E\000x\000i\000s\000t\000i\000n\000g\000\040\000M\000e\000t\000h\000o\000d\000s}{section.2}% 6
\BOOKMARK [1][-]{section.3}{\376\377\000M\000e\000t\000h\000o\000d\000o\000l\000o\000g\000y}{}% 7
\BOOKMARK [2][-]{subsection.3.1}{\376\377\000F\000r\000a\000m\000e\000w\000o\000r\000k\000\040\000O\000v\000e\000r\000v\000i\000e\000w}{section.3}% 8
\BOOKMARK [2][-]{subsection.3.2}{\376\377\000D\000u\000p\000l\000i\000c\000a\000t\000e\000\040\000H\000a\000n\000d\000l\000i\000n\000g}{section.3}% 9
\BOOKMARK [2][-]{subsection.3.3}{\376\377\000G\000r\000a\000p\000h\000i\000c\000s\000-\000P\000i\000p\000e\000l\000i\000n\000e\000\040\000O\000c\000c\000u\000p\000a\000n\000c\000y\000\040\000G\000e\000n\000e\000r\000a\000t\000i\000o\000n}{section.3}% 10
\BOOKMARK [2][-]{subsection.3.4}{\376\377\000C\000o\000r\000n\000e\000r\000-\000B\000a\000s\000e\000d\000\040\000O\000c\000c\000u\000p\000a\000n\000c\000y\000\040\000C\000o\000n\000s\000t\000r\000u\000c\000t\000i\000o\000n}{section.3}% 11
\BOOKMARK [2][-]{subsection.3.5}{\376\377\000C\000e\000l\000l\000\040\000A\000d\000d\000r\000e\000s\000s\000i\000n\000g\000\040\000a\000n\000d\000\040\000F\000l\000a\000t\000t\000e\000n\000i\000n\000g}{section.3}% 12
\BOOKMARK [2][-]{subsection.3.6}{\376\377\000C\000e\000l\000l\000\040\000A\000r\000r\000a\000y\000\040\000C\000o\000n\000s\000t\000r\000u\000c\000t\000i\000o\000n}{section.3}% 13
\BOOKMARK [2][-]{subsection.3.7}{\376\377\000P\000o\000t\000e\000n\000t\000i\000a\000l\000l\000y\000\040\000C\000o\000l\000l\000i\000d\000i\000n\000g\000\040\000S\000e\000t\000\040\000C\000o\000n\000s\000t\000r\000u\000c\000t\000i\000o\000n}{section.3}% 14
\BOOKMARK [2][-]{subsection.3.8}{\376\377\000N\000a\000r\000r\000o\000w\000-\000P\000h\000a\000s\000e\000\040\000E\000v\000a\000l\000u\000a\000t\000i\000o\000n}{section.3}% 15
\BOOKMARK [1][-]{section.4}{\376\377\000C\000o\000m\000p\000l\000e\000x\000i\000t\000y\000\040\000A\000n\000a\000l\000y\000s\000i\000s}{}% 16
\BOOKMARK [2][-]{subsection.4.1}{\376\377\000O\000c\000c\000u\000p\000a\000n\000c\000y\000\040\000G\000e\000n\000e\000r\000a\000t\000i\000o\000n}{section.4}% 17
\BOOKMARK [2][-]{subsection.4.2}{\376\377\000N\000a\000r\000r\000o\000w\000-\000P\000h\000a\000s\000e\000\040\000E\000v\000a\000l\000u\000a\000t\000i\000o\000n}{section.4}% 18
\BOOKMARK [2][-]{subsection.4.3}{\376\377\000S\000t\000o\000r\000a\000g\000e\000\040\000R\000e\000q\000u\000i\000r\000e\000m\000e\000n\000t\000s}{section.4}% 19
\BOOKMARK [2][-]{subsection.4.4}{\376\377\000O\000v\000e\000r\000a\000l\000l\000\040\000C\000o\000m\000p\000l\000e\000x\000i\000t\000y}{section.4}% 20
\BOOKMARK [1][-]{section.5}{\376\377\000C\000o\000m\000p\000a\000r\000a\000t\000i\000v\000e\000\040\000A\000n\000a\000l\000y\000s\000i\000s}{}% 21
\BOOKMARK [1][-]{section.6}{\376\377\000E\000x\000p\000e\000r\000i\000m\000e\000n\000t\000a\000l\000\040\000S\000e\000t\000u\000p}{}% 22
\BOOKMARK [2][-]{subsection.6.1}{\376\377\000H\000a\000r\000d\000w\000a\000r\000e\000\040\000P\000l\000a\000t\000f\000o\000r\000m}{section.6}% 23
\BOOKMARK [2][-]{subsection.6.2}{\376\377\000B\000e\000n\000c\000h\000m\000a\000r\000k\000\040\000C\000o\000n\000f\000i\000g\000u\000r\000a\000t\000i\000o\000n}{section.6}% 24
\BOOKMARK [2][-]{subsection.6.3}{\376\377\000P\000e\000r\000f\000o\000r\000m\000a\000n\000c\000e\000\040\000M\000e\000t\000r\000i\000c\000s}{section.6}% 25
\BOOKMARK [1][-]{section.7}{\376\377\000E\000x\000p\000e\000r\000i\000m\000e\000n\000t\000a\000l\000\040\000R\000e\000s\000u\000l\000t\000s}{}% 26
\BOOKMARK [2][-]{subsection.7.1}{\376\377\000M\000e\000m\000o\000r\000y\000\040\000L\000o\000c\000a\000l\000i\000t\000y\000\040\000B\000e\000n\000c\000h\000m\000a\000r\000k}{section.7}% 27
\BOOKMARK [2][-]{subsection.7.2}{\376\377\000P\000e\000r\000f\000o\000r\000m\000a\000n\000c\000e\000\040\000O\000v\000e\000r\000v\000i\000e\000w}{section.7}% 28
\BOOKMARK [2][-]{subsection.7.3}{\376\377\000T\000h\000r\000o\000u\000g\000h\000p\000u\000t\000\040\000a\000n\000d\000\040\000T\000i\000m\000e\000-\000p\000e\000r\000-\000P\000a\000r\000t\000i\000c\000l\000e\000\040\000B\000e\000h\000a\000v\000i\000o\000r}{section.7}% 29
\BOOKMARK [3][-]{subsubsection.7.3.1}{\376\377\000U\000t\000i\000l\000i\000z\000a\000t\000i\000o\000n\000-\000L\000i\000m\000i\000t\000e\000d\000\040\000R\000e\000g\000i\000m\000e}{subsection.7.3}% 30
\BOOKMARK [3][-]{subsubsection.7.3.2}{\376\377\000T\000h\000r\000o\000u\000g\000h\000p\000u\000t\000-\000T\000r\000a\000n\000s\000i\000t\000i\000o\000n\000\040\000R\000e\000g\000i\000m\000e}{subsection.7.3}% 31
\BOOKMARK [3][-]{subsubsection.7.3.3}{\376\377\000S\000t\000a\000b\000l\000e\000\040\000L\000a\000r\000g\000e\000-\000S\000c\000a\000l\000e\000\040\000R\000e\000g\000i\000m\000e}{subsection.7.3}% 32
\BOOKMARK [3][-]{subsubsection.7.3.4}{\376\377\000S\000t\000a\000b\000l\000e\000\040\000L\000a\000r\000g\000e\000-\000S\000c\000a\000l\000e\000\040\000R\000e\000g\000i\000m\000e}{subsection.7.3}% 33
\BOOKMARK [2][-]{subsection.7.4}{\376\377\000S\000c\000a\000l\000i\000n\000g\000\040\000A\000n\000a\000l\000y\000s\000i\000s}{section.7}% 34
\BOOKMARK [2][-]{subsection.7.5}{\376\377\000C\000u\000r\000v\000a\000t\000u\000r\000e\000\040\000A\000n\000a\000l\000y\000s\000i\000s}{section.7}% 35
\BOOKMARK [1][-]{section.8}{\376\377\000D\000i\000s\000c\000u\000s\000s\000i\000o\000n}{}% 36
\BOOKMARK [2][-]{subsection.8.1}{\376\377\000G\000r\000a\000p\000h\000i\000c\000s\000-\000P\000i\000p\000e\000l\000i\000n\000e\000\040\000O\000c\000c\000u\000p\000a\000n\000c\000y\000\040\000G\000e\000n\000e\000r\000a\000t\000i\000o\000n}{section.8}% 37
\BOOKMARK [2][-]{subsection.8.2}{\376\377\000S\000c\000a\000l\000a\000b\000i\000l\000i\000t\000y\000\040\000o\000f\000\040\000t\000h\000e\000\040\000g\000P\000C\000D\000\040\000F\000r\000a\000m\000e\000w\000o\000r\000k}{section.8}% 38
\BOOKMARK [2][-]{subsection.8.3}{\376\377\000M\000e\000m\000o\000r\000y\000\040\000L\000o\000c\000a\000l\000i\000t\000y\000\040\000C\000o\000n\000s\000i\000d\000e\000r\000a\000t\000i\000o\000n\000s}{section.8}% 39
\BOOKMARK [2][-]{subsection.8.4}{\376\377\000I\000m\000p\000l\000i\000c\000a\000t\000i\000o\000n\000s\000\040\000f\000o\000r\000\040\000L\000a\000r\000g\000e\000-\000S\000c\000a\000l\000e\000\040\000P\000a\000r\000t\000i\000c\000l\000e\000\040\000S\000i\000m\000u\000l\000a\000t\000i\000o\000n}{section.8}% 40
\BOOKMARK [1][-]{section.9}{\376\377\000C\000o\000n\000c\000l\000u\000s\000i\000o\000n\000\040\000a\000n\000d\000\040\000F\000u\000t\000u\000r\000e\000\040\000W\000o\000r\000k}{}% 41
\BOOKMARK [1][-]{section.10}{\376\377\000M\000a\000n\000u\000s\000c\000r\000i\000p\000t\000\040\000O\000u\000t\000l\000i\000n\000e}{}% 42
\BOOKMARK [2][-]{subsection.10.1}{\376\377\000P\000u\000r\000p\000o\000s\000e}{section.10}% 43
\BOOKMARK [2][-]{subsection.10.2}{\376\377\000P\000r\000i\000m\000a\000r\000y\000\040\000C\000o\000n\000t\000r\000i\000b\000u\000t\000i\000o\000n}{section.10}% 44
\BOOKMARK [2][-]{subsection.10.3}{\376\377\000A\000b\000s\000t\000r\000a\000c\000t\000\040\000R\000e\000q\000u\000i\000r\000e\000m\000e\000n\000t\000s}{section.10}% 45
\BOOKMARK [2][-]{subsection.10.4}{\376\377\000P\000a\000p\000e\000r\000\040\000S\000c\000o\000p\000e}{section.10}% 46
\BOOKMARK [2][-]{subsection.10.5}{\376\377\000S\000e\000c\000t\000i\000o\000n\000\040\000R\000e\000s\000p\000o\000n\000s\000i\000b\000i\000l\000i\000t\000i\000e\000s}{section.10}% 47
\BOOKMARK [2][-]{subsection.10.6}{\376\377\000R\000e\000v\000i\000s\000i\000o\000n\000\040\000P\000r\000o\000c\000e\000d\000u\000r\000e}{section.10}% 48
\BOOKMARK [1][-]{section.11}{\376\377\000F\000i\000g\000u\000r\000e\000s}{}% 49
\BOOKMARK [1][-]{section.12}{\376\377\000P\000e\000r\000f\000o\000r\000m\000a\000n\000c\000e\000\040\000R\000e\000g\000i\000o\000n\000s}{}% 50
\BOOKMARK [2][-]{subsection.12.1}{\376\377\000S\000e\000q\000u\000e\000n\000t\000i\000a\000l\000\040\000v\000s\000\040\000R\000a\000n\000d\000o\000m\000\040\000P\000e\000r\000c\000e\000n\000t\000\040\000i\000n\000c\000r\000e\000a\000s\000e}{section.12}% 51
\BOOKMARK [1][-]{section.13}{\376\377\000C\000o\000m\000p\000a\000r\000a\000t\000i\000v\000e\000\040\000A\000n\000a\000l\000y\000s\000i\000s}{}% 52
\BOOKMARK [1][-]{section.14}{\376\377\000C\000o\000m\000p\000a\000r\000a\000t\000i\000v\000e\000\040\000A\000n\000a\000l\000y\000s\000i\000s}{}% 53
\BOOKMARK [2][-]{subsection.14.1}{\376\377\000L\000a\000t\000t\000a\000\040\000\050\0002\0000\0000\0004\000\051}{section.14}% 54
\BOOKMARK [2][-]{subsection.14.2}{\376\377\000K\000i\000p\000f\000e\000r\000\040\000\050\0002\0000\0000\0004\000\051}{section.14}% 55
\BOOKMARK [2][-]{subsection.14.3}{\376\377\000Z\000h\000a\000n\000g\000\040\000\050\0002\0000\0000\0008\000\051}{section.14}% 56
\BOOKMARK [2][-]{subsection.14.4}{\376\377\000A\000n\000d\000e\000r\000s\000o\000n\000\040\000\050\0002\0000\0000\0008\000\051}{section.14}% 57
\BOOKMARK [2][-]{subsection.14.5}{\376\377\000L\000i\000u\000\040\000\050\0002\0000\0001\0000\000\051}{section.14}% 58
\BOOKMARK [2][-]{subsection.14.6}{\376\377\000G\000o\000v\000e\000n\000d\000e\000r\000\040\000\050\0002\0000\0001\0005\000\051}{section.14}% 59
\BOOKMARK [2][-]{subsection.14.7}{\376\377\000J\000o\000s\000e\000l\000l\000i\000\040\000\050\0002\0000\0001\0005\000\051}{section.14}% 60
\BOOKMARK [2][-]{subsection.14.8}{\376\377\000F\000r\000a\000n\000k\000l\000i\000n\000\040\000\050\0002\0000\0001\0007\000\051}{section.14}% 61
\BOOKMARK [2][-]{subsection.14.9}{\376\377\000M\000i\000t\000t\000a\000l\000\040\000\050\0002\0000\0002\0000\000\051}{section.14}% 62
\BOOKMARK [2][-]{subsection.14.10}{\376\377\000B\000e\000l\000l\000\040\000\050\0002\0000\0002\0005\000\051}{section.14}% 63
\BOOKMARK [2][-]{subsection.14.11}{\376\377\000U\000n\000i\000f\000o\000r\000m\000\040\000G\000r\000i\000d\000s}{section.14}% 64
\BOOKMARK [1][-]{section.15}{\376\377\000A\000u\000d\000i\000e\000n\000c\000e\000\040\000a\000n\000d\000\040\000E\000x\000p\000l\000a\000n\000a\000t\000i\000o\000n\000\040\000L\000e\000v\000e\000l}{}% 65
\BOOKMARK [1][-]{section.16}{\376\377\000D\000r\000a\000f\000t\000i\000n\000g\000\040\000N\000o\000t\000e}{}% 66
\BOOKMARK [1][-]{section.17}{\376\377\000D\000o\000c\000u\000m\000e\000n\000t\000\040\000C\000o\000n\000v\000e\000n\000t\000i\000o\000n\000s\000\040\000a\000n\000d\000\040\000R\000e\000s\000e\000a\000r\000c\000h\000\040\000G\000o\000v\000e\000r\000n\000a\000n\000c\000e}{}% 67
\BOOKMARK [1][-]{section.18}{\376\377\000A\000p\000p\000r\000o\000v\000e\000d\000\040\000T\000e\000r\000m\000i\000n\000o\000l\000o\000g\000y}{}% 68
\BOOKMARK [2][-]{subsection.18.1}{\376\377\000T\000e\000r\000m\000i\000n\000o\000l\000o\000g\000y\000\040\000C\000o\000n\000v\000e\000n\000t\000i\000o\000n\000:\000\040\000P\000o\000t\000e\000n\000t\000i\000a\000l\000l\000y\000\040\000C\000o\000l\000l\000i\000d\000i\000n\000g\000\040\000S\000e\000t\000\040\000\050\000P\000C\000S\000\051}{section.18}% 69
\BOOKMARK [2][-]{subsection.18.2}{\376\377\000S\000y\000m\000b\000o\000l\000s}{section.18}% 70
\BOOKMARK [2][-]{subsection.18.3}{\376\377\000S\000y\000m\000b\000o\000l\000\040\000C\000o\000n\000v\000e\000n\000t\000i\000o\000n\000s}{section.18}% 71
\BOOKMARK [3][-]{subsubsection.18.3.1}{\376\377\000P\000h\000y\000s\000i\000c\000a\000l\000\040\000P\000a\000r\000t\000i\000c\000l\000e\000\040\000C\000o\000o\000r\000d\000i\000n\000a\000t\000e\000s}{subsection.18.3}% 72
\BOOKMARK [3][-]{subsubsection.18.3.2}{\376\377\000C\000e\000l\000l\000\040\000C\000o\000o\000r\000d\000i\000n\000a\000t\000e\000s}{subsection.18.3}% 73
\BOOKMARK [3][-]{subsubsection.18.3.3}{\376\377\000F\000l\000a\000t\000t\000e\000n\000e\000d\000\040\000C\000e\000l\000l\000\040\000I\000n\000d\000e\000x}{subsection.18.3}% 74
\BOOKMARK [2][-]{subsection.18.4}{\376\377\000C\000e\000l\000l\000\040\000C\000o\000o\000r\000d\000i\000n\000a\000t\000e\000\040\000C\000o\000n\000v\000e\000n\000t\000i\000o\000n}{section.18}% 75
\BOOKMARK [3][-]{subsubsection.18.4.1}{\376\377\000C\000e\000l\000l\000\040\000A\000r\000r\000a\000y\000\040\000D\000i\000m\000e\000n\000s\000i\000o\000n\000s}{subsection.18.4}% 76
\BOOKMARK [3][-]{subsubsection.18.4.2}{\376\377\000S\000t\000o\000r\000a\000g\000e\000\040\000C\000o\000n\000v\000e\000n\000t\000i\000o\000n\000s}{subsection.18.4}% 77
\BOOKMARK [3][-]{subsubsection.18.4.3}{\376\377\000C\000o\000o\000r\000d\000i\000n\000a\000t\000e\000\040\000T\000r\000a\000n\000s\000f\000o\000r\000m\000a\000t\000i\000o\000n\000\040\000P\000i\000p\000e\000l\000i\000n\000e}{subsection.18.4}% 78
\BOOKMARK [2][-]{subsection.18.5}{\376\377\000B\000o\000u\000n\000d\000i\000n\000g\000\040\000V\000o\000l\000u\000m\000e\000\040\000T\000e\000r\000m\000i\000n\000o\000l\000o\000g\000y}{section.18}% 79
\BOOKMARK [1][-]{section.19}{\376\377\000D\000o\000c\000u\000m\000e\000n\000t\000\040\000S\000t\000r\000u\000c\000t\000u\000r\000e}{}% 80
\BOOKMARK [2][-]{subsection.19.1}{\376\377\000A\000r\000c\000h\000i\000t\000e\000c\000t\000u\000r\000e\000\040\000H\000i\000e\000r\000a\000r\000c\000h\000y}{section.19}% 81
\BOOKMARK [2][-]{subsection.19.2}{\376\377\000N\000u\000m\000e\000r\000i\000c\000a\000l\000\040\000P\000l\000a\000c\000e\000h\000o\000l\000d\000e\000r\000s}{section.19}% 82
\BOOKMARK [1][-]{section.20}{\376\377\000C\000o\000l\000l\000i\000s\000i\000o\000n\000-\000D\000e\000t\000e\000c\000t\000i\000o\000n\000\040\000A\000r\000c\000h\000i\000t\000e\000c\000t\000u\000r\000e}{}% 83
\BOOKMARK [2][-]{subsection.20.1}{\376\377\000T\000r\000a\000d\000i\000t\000i\000o\000n\000a\000l\000\040\000A\000r\000c\000h\000i\000t\000e\000c\000t\000u\000r\000e\000s}{section.20}% 84
\BOOKMARK [2][-]{subsection.20.2}{\376\377\000G\000P\000U\000-\000R\000e\000s\000i\000d\000e\000n\000t\000\040\000A\000r\000c\000h\000i\000t\000e\000c\000t\000u\000r\000e\000s}{section.20}% 85
\BOOKMARK [2][-]{subsection.20.3}{\376\377\000g\000P\000C\000D\000\040\000A\000r\000c\000h\000i\000t\000e\000c\000t\000u\000r\000e}{section.20}% 86
\BOOKMARK [2][-]{subsection.20.4}{\376\377\000A\000r\000c\000h\000i\000t\000e\000c\000t\000u\000r\000a\000l\000\040\000C\000l\000a\000s\000s\000i\000f\000i\000c\000a\000t\000i\000o\000n}{section.20}% 87
\BOOKMARK [2][-]{subsection.20.5}{\376\377\000G\000r\000a\000p\000h\000i\000c\000s\000\040\000P\000i\000p\000e\000l\000i\000n\000e\000\040\000E\000x\000e\000c\000u\000t\000i\000o\000n}{section.20}% 88
\BOOKMARK [2][-]{subsection.20.6}{\376\377\000B\000r\000o\000a\000d\000\040\000P\000h\000a\000s\000e}{section.20}% 89
\BOOKMARK [2][-]{subsection.20.7}{\376\377\000N\000a\000r\000r\000o\000w\000\040\000P\000h\000a\000s\000e}{section.20}% 90
\BOOKMARK [2][-]{subsection.20.8}{\376\377\000C\000e\000l\000l\000\040\000A\000r\000r\000a\000y}{section.20}% 91
\BOOKMARK [1][-]{section.21}{\376\377\000R\000e\000l\000a\000t\000e\000d\000\040\000W\000o\000r\000k\000\040\000O\000b\000j\000e\000c\000t\000i\000v\000e\000s}{}% 92
\BOOKMARK [1][-]{section.22}{\376\377\000E\000x\000p\000e\000r\000i\000m\000e\000n\000t\000a\000l\000\040\000C\000l\000a\000i\000m\000s}{}% 93
\BOOKMARK [1][-]{section.23}{\376\377\000C\000o\000m\000p\000l\000e\000x\000i\000t\000y\000\040\000C\000l\000a\000i\000m\000s}{}% 94
\BOOKMARK [2][-]{subsection.23.1}{\376\377\000A\000c\000c\000e\000s\000s\000\040\000C\000o\000m\000p\000l\000e\000x\000i\000t\000y}{section.23}% 95
\BOOKMARK [2][-]{subsection.23.2}{\376\377\000C\000o\000m\000p\000u\000t\000a\000t\000i\000o\000n\000a\000l\000\040\000C\000o\000m\000p\000l\000e\000x\000i\000t\000y}{section.23}% 96
\BOOKMARK [2][-]{subsection.23.3}{\376\377\000S\000t\000o\000r\000a\000g\000e\000\040\000C\000o\000m\000p\000l\000e\000x\000i\000t\000y}{section.23}% 97
\BOOKMARK [2][-]{subsection.23.4}{\376\377\000C\000o\000m\000p\000l\000e\000x\000i\000t\000y\000\040\000C\000o\000n\000v\000e\000n\000t\000i\000o\000n}{section.23}% 98
\BOOKMARK [1][-]{section.24}{\376\377\000N\000o\000v\000e\000l\000t\000y\000\040\000S\000t\000a\000t\000e\000m\000e\000n\000t}{}% 99
\BOOKMARK [2][-]{subsection.24.1}{\376\377\000N\000o\000v\000e\000l\000t\000y\000\040\000C\000l\000a\000s\000s\000i\000f\000i\000c\000a\000t\000i\000o\000n}{section.24}% 100
\BOOKMARK [2][-]{subsection.24.2}{\376\377\000P\000r\000i\000m\000a\000r\000y\000\040\000O\000r\000g\000a\000n\000i\000z\000a\000t\000i\000o\000n\000a\000l\000\040\000C\000o\000n\000t\000r\000i\000b\000u\000t\000i\000o\000n}{section.24}% 101
\BOOKMARK [2][-]{subsection.24.3}{\376\377\000C\000a\000n\000d\000i\000d\000a\000t\000e\000\040\000S\000u\000p\000p\000o\000r\000t\000i\000n\000g\000\040\000C\000o\000n\000t\000r\000i\000b\000u\000t\000i\000o\000n\000s}{section.24}% 102
\BOOKMARK [3][-]{subsubsection.24.3.1}{\376\377\000S\000u\000p\000p\000o\000r\000t\000i\000n\000g\000\040\000C\000o\000n\000t\000r\000i\000b\000u\000t\000i\000o\000n\000s}{subsection.24.3}% 103
\BOOKMARK [2][-]{subsection.24.4}{\376\377\000C\000o\000n\000t\000r\000i\000b\000u\000t\000i\000o\000n\000\040\000H\000i\000e\000r\000a\000r\000c\000h\000y}{section.24}% 104
\BOOKMARK [1][-]{section.25}{\376\377\000M\000e\000t\000h\000o\000d\000o\000l\000o\000g\000i\000c\000a\000l\000\040\000R\000e\000q\000u\000i\000r\000e\000m\000e\000n\000t\000s}{}% 105
\BOOKMARK [2][-]{subsection.25.1}{\376\377\000C\000o\000r\000r\000e\000c\000t\000n\000e\000s\000s\000\040\000M\000e\000c\000h\000a\000n\000i\000s\000m\000s}{section.25}% 106
\BOOKMARK [2][-]{subsection.25.2}{\376\377\000M\000e\000m\000o\000r\000y}{section.25}% 107
\BOOKMARK [1][-]{section.26}{\376\377\000A\000p\000p\000r\000o\000v\000e\000d\000\040\000T\000e\000c\000h\000n\000i\000c\000a\000l\000\040\000C\000l\000a\000i\000m\000s}{}% 108
\BOOKMARK [1][-]{section.27}{\376\377\000R\000e\000t\000i\000r\000e\000d\000\040\000C\000o\000n\000c\000e\000p\000t\000s}{}% 109
\BOOKMARK [1][-]{section.28}{\376\377\000W\000r\000i\000t\000i\000n\000g\000\040\000S\000t\000a\000n\000d\000a\000r\000d\000s}{}% 110
\BOOKMARK [1][-]{section.29}{\376\377\000R\000e\000s\000e\000a\000r\000c\000h\000\040\000S\000e\000p\000a\000r\000a\000t\000i\000o\000n}{}% 111
\BOOKMARK [2][-]{subsection.29.1}{\376\377\000g\000P\000C\000D\000\040\000P\000a\000p\000e\000r}{section.29}% 112
\BOOKMARK [2][-]{subsection.29.2}{\376\377\000F\000i\000e\000l\000d\000\040\000P\000a\000r\000t\000i\000c\000l\000e\000\040\000M\000e\000t\000h\000o\000d\000\040\000P\000a\000p\000e\000r}{section.29}% 113
\BOOKMARK [2][-]{subsection.29.3}{\376\377\000A\000c\000t\000i\000v\000e\000\040\000M\000a\000n\000u\000s\000c\000r\000i\000p\000t\000\040\000R\000u\000l\000e}{section.29}% 114
\BOOKMARK [2][-]{subsection.29.4}{\376\377\000I\000t\000e\000m\000\040\0001\000\040\000S\000t\000a\000t\000u\000s}{section.29}% 115
\BOOKMARK [1][-]{section.30}{\376\377\000M\000a\000n\000u\000s\000c\000r\000i\000p\000t\000\040\000R\000e\000v\000i\000e\000w\000\040\000S\000t\000a\000t\000u\000s}{}% 116
