\BOOKMARK [1][-]{section.1}{\376\377\000A\000u\000t\000h\000o\000r\000\040\000R\000e\000v\000i\000e\000w\000\040\000O\000u\000t\000l\000i\000n\000e}{}% 1
\BOOKMARK [1][-]{section.2}{\376\377\000M\000a\000n\000u\000s\000c\000r\000i\000p\000t\000\040\000O\000r\000g\000a\000n\000i\000z\000a\000t\000i\000o\000n\000\040\000G\000u\000i\000d\000e}{}% 2
\BOOKMARK [1][-]{section.3}{\376\377\000A\000u\000t\000h\000o\000r\000\040\000O\000u\000t\000l\000i\000n\000e}{}% 3
\BOOKMARK [2][-]{subsection.3.1}{\376\377\000P\000u\000r\000p\000o\000s\000e}{section.3}% 4
\BOOKMARK [2][-]{subsection.3.2}{\376\377\000P\000r\000i\000m\000a\000r\000y\000\040\000C\000o\000n\000t\000r\000i\000b\000u\000t\000i\000o\000n}{section.3}% 5
\BOOKMARK [2][-]{subsection.3.3}{\376\377\000A\000b\000s\000t\000r\000a\000c\000t\000\040\000R\000e\000q\000u\000i\000r\000e\000m\000e\000n\000t\000s}{section.3}% 6
\BOOKMARK [2][-]{subsection.3.4}{\376\377\000P\000a\000p\000e\000r\000\040\000S\000c\000o\000p\000e}{section.3}% 7
\BOOKMARK [2][-]{subsection.3.5}{\376\377\000S\000e\000c\000t\000i\000o\000n\000\040\000R\000e\000s\000p\000o\000n\000s\000i\000b\000i\000l\000i\000t\000i\000e\000s}{section.3}% 8
\BOOKMARK [2][-]{subsection.3.6}{\376\377\000R\000e\000v\000i\000s\000i\000o\000n\000\040\000P\000r\000o\000c\000e\000d\000u\000r\000e}{section.3}% 9
\BOOKMARK [1][-]{section.4}{\376\377\000F\000i\000g\000u\000r\000e\000s}{}% 10
\BOOKMARK [1][-]{section.5}{\376\377\000P\000e\000r\000f\000o\000r\000m\000a\000n\000c\000e\000\040\000R\000e\000g\000i\000o\000n\000s}{}% 11
\BOOKMARK [2][-]{subsection.5.1}{\376\377\000S\000e\000q\000u\000e\000n\000t\000i\000a\000l\000\040\000v\000s\000\040\000R\000a\000n\000d\000o\000m\000\040\000P\000e\000r\000c\000e\000n\000t\000\040\000i\000n\000c\000r\000e\000a\000s\000e}{section.5}% 12
\BOOKMARK [1][-]{section.6}{\376\377\000C\000o\000m\000p\000a\000r\000a\000t\000i\000v\000e\000\040\000A\000n\000a\000l\000y\000s\000i\000s}{}% 13
\BOOKMARK [1][-]{section.7}{\376\377\000C\000o\000m\000p\000a\000r\000a\000t\000i\000v\000e\000\040\000A\000n\000a\000l\000y\000s\000i\000s}{}% 14
\BOOKMARK [2][-]{subsection.7.1}{\376\377\000L\000a\000t\000t\000a\000\040\000\050\0002\0000\0000\0004\000\051}{section.7}% 15
\BOOKMARK [2][-]{subsection.7.2}{\376\377\000K\000i\000p\000f\000e\000r\000\040\000\050\0002\0000\0000\0004\000\051}{section.7}% 16
\BOOKMARK [2][-]{subsection.7.3}{\376\377\000Z\000h\000a\000n\000g\000\040\000\050\0002\0000\0000\0008\000\051}{section.7}% 17
\BOOKMARK [2][-]{subsection.7.4}{\376\377\000A\000n\000d\000e\000r\000s\000o\000n\000\040\000\050\0002\0000\0000\0008\000\051}{section.7}% 18
\BOOKMARK [2][-]{subsection.7.5}{\376\377\000L\000i\000u\000\040\000\050\0002\0000\0001\0000\000\051}{section.7}% 19
\BOOKMARK [2][-]{subsection.7.6}{\376\377\000G\000o\000v\000e\000n\000d\000e\000r\000\040\000\050\0002\0000\0001\0005\000\051}{section.7}% 20
\BOOKMARK [2][-]{subsection.7.7}{\376\377\000J\000o\000s\000e\000l\000l\000i\000\040\000\050\0002\0000\0001\0005\000\051}{section.7}% 21
\BOOKMARK [2][-]{subsection.7.8}{\376\377\000F\000r\000a\000n\000k\000l\000i\000n\000\040\000\050\0002\0000\0001\0007\000\051}{section.7}% 22
\BOOKMARK [2][-]{subsection.7.9}{\376\377\000M\000i\000t\000t\000a\000l\000\040\000\050\0002\0000\0002\0000\000\051}{section.7}% 23
\BOOKMARK [2][-]{subsection.7.10}{\376\377\000B\000e\000l\000l\000\040\000\050\0002\0000\0002\0005\000\051}{section.7}% 24
\BOOKMARK [2][-]{subsection.7.11}{\376\377\000U\000n\000i\000f\000o\000r\000m\000\040\000G\000r\000i\000d\000s}{section.7}% 25
\BOOKMARK [1][-]{section.8}{\376\377\000A\000u\000d\000i\000e\000n\000c\000e\000\040\000a\000n\000d\000\040\000E\000x\000p\000l\000a\000n\000a\000t\000i\000o\000n\000\040\000L\000e\000v\000e\000l}{}% 26
\BOOKMARK [1][-]{section.9}{\376\377\000D\000r\000a\000f\000t\000i\000n\000g\000\040\000N\000o\000t\000e}{}% 27
\BOOKMARK [1][-]{section.10}{\376\377\000D\000o\000c\000u\000m\000e\000n\000t\000\040\000C\000o\000n\000v\000e\000n\000t\000i\000o\000n\000s\000\040\000a\000n\000d\000\040\000R\000e\000s\000e\000a\000r\000c\000h\000\040\000G\000o\000v\000e\000r\000n\000a\000n\000c\000e}{}% 28
\BOOKMARK [1][-]{section.11}{\376\377\000A\000p\000p\000r\000o\000v\000e\000d\000\040\000T\000e\000r\000m\000i\000n\000o\000l\000o\000g\000y}{}% 29
\BOOKMARK [2][-]{subsection.11.1}{\376\377\000T\000e\000r\000m\000i\000n\000o\000l\000o\000g\000y\000\040\000C\000o\000n\000v\000e\000n\000t\000i\000o\000n\000:\000\040\000P\000o\000t\000e\000n\000t\000i\000a\000l\000l\000y\000\040\000C\000o\000l\000l\000i\000d\000i\000n\000g\000\040\000S\000e\000t\000\040\000\050\000P\000C\000S\000\051}{section.11}% 30
\BOOKMARK [2][-]{subsection.11.2}{\376\377\000S\000y\000m\000b\000o\000l\000s}{section.11}% 31
\BOOKMARK [2][-]{subsection.11.3}{\376\377\000S\000y\000m\000b\000o\000l\000\040\000C\000o\000n\000v\000e\000n\000t\000i\000o\000n\000s}{section.11}% 32
\BOOKMARK [3][-]{subsubsection.11.3.1}{\376\377\000P\000h\000y\000s\000i\000c\000a\000l\000\040\000P\000a\000r\000t\000i\000c\000l\000e\000\040\000C\000o\000o\000r\000d\000i\000n\000a\000t\000e\000s}{subsection.11.3}% 33
\BOOKMARK [3][-]{subsubsection.11.3.2}{\376\377\000C\000e\000l\000l\000\040\000C\000o\000o\000r\000d\000i\000n\000a\000t\000e\000s}{subsection.11.3}% 34
\BOOKMARK [3][-]{subsubsection.11.3.3}{\376\377\000F\000l\000a\000t\000t\000e\000n\000e\000d\000\040\000C\000e\000l\000l\000\040\000I\000n\000d\000e\000x}{subsection.11.3}% 35
\BOOKMARK [2][-]{subsection.11.4}{\376\377\000C\000e\000l\000l\000\040\000C\000o\000o\000r\000d\000i\000n\000a\000t\000e\000\040\000C\000o\000n\000v\000e\000n\000t\000i\000o\000n}{section.11}% 36
\BOOKMARK [3][-]{subsubsection.11.4.1}{\376\377\000C\000e\000l\000l\000\040\000A\000r\000r\000a\000y\000\040\000D\000i\000m\000e\000n\000s\000i\000o\000n\000s}{subsection.11.4}% 37
\BOOKMARK [3][-]{subsubsection.11.4.2}{\376\377\000S\000t\000o\000r\000a\000g\000e\000\040\000C\000o\000n\000v\000e\000n\000t\000i\000o\000n\000s}{subsection.11.4}% 38
\BOOKMARK [3][-]{subsubsection.11.4.3}{\376\377\000C\000o\000o\000r\000d\000i\000n\000a\000t\000e\000\040\000T\000r\000a\000n\000s\000f\000o\000r\000m\000a\000t\000i\000o\000n\000\040\000P\000i\000p\000e\000l\000i\000n\000e}{subsection.11.4}% 39
\BOOKMARK [2][-]{subsection.11.5}{\376\377\000B\000o\000u\000n\000d\000i\000n\000g\000\040\000V\000o\000l\000u\000m\000e\000\040\000T\000e\000r\000m\000i\000n\000o\000l\000o\000g\000y}{section.11}% 40
\BOOKMARK [1][-]{section.12}{\376\377\000D\000o\000c\000u\000m\000e\000n\000t\000\040\000S\000t\000r\000u\000c\000t\000u\000r\000e}{}% 41
\BOOKMARK [2][-]{subsection.12.1}{\376\377\000A\000r\000c\000h\000i\000t\000e\000c\000t\000u\000r\000e\000\040\000H\000i\000e\000r\000a\000r\000c\000h\000y}{section.12}% 42
\BOOKMARK [2][-]{subsection.12.2}{\376\377\000N\000u\000m\000e\000r\000i\000c\000a\000l\000\040\000P\000l\000a\000c\000e\000h\000o\000l\000d\000e\000r\000s}{section.12}% 43
\BOOKMARK [1][-]{section.13}{\376\377\000C\000o\000l\000l\000i\000s\000i\000o\000n\000-\000D\000e\000t\000e\000c\000t\000i\000o\000n\000\040\000A\000r\000c\000h\000i\000t\000e\000c\000t\000u\000r\000e}{}% 44
\BOOKMARK [2][-]{subsection.13.1}{\376\377\000T\000r\000a\000d\000i\000t\000i\000o\000n\000a\000l\000\040\000A\000r\000c\000h\000i\000t\000e\000c\000t\000u\000r\000e\000s}{section.13}% 45
\BOOKMARK [2][-]{subsection.13.2}{\376\377\000G\000P\000U\000-\000R\000e\000s\000i\000d\000e\000n\000t\000\040\000A\000r\000c\000h\000i\000t\000e\000c\000t\000u\000r\000e\000s}{section.13}% 46
\BOOKMARK [2][-]{subsection.13.3}{\376\377\000g\000P\000C\000D\000\040\000A\000r\000c\000h\000i\000t\000e\000c\000t\000u\000r\000e}{section.13}% 47
\BOOKMARK [2][-]{subsection.13.4}{\376\377\000A\000r\000c\000h\000i\000t\000e\000c\000t\000u\000r\000a\000l\000\040\000C\000l\000a\000s\000s\000i\000f\000i\000c\000a\000t\000i\000o\000n}{section.13}% 48
\BOOKMARK [2][-]{subsection.13.5}{\376\377\000G\000r\000a\000p\000h\000i\000c\000s\000\040\000P\000i\000p\000e\000l\000i\000n\000e\000\040\000E\000x\000e\000c\000u\000t\000i\000o\000n}{section.13}% 49
\BOOKMARK [2][-]{subsection.13.6}{\376\377\000B\000r\000o\000a\000d\000\040\000P\000h\000a\000s\000e}{section.13}% 50
\BOOKMARK [2][-]{subsection.13.7}{\376\377\000N\000a\000r\000r\000o\000w\000\040\000P\000h\000a\000s\000e}{section.13}% 51
\BOOKMARK [2][-]{subsection.13.8}{\376\377\000C\000e\000l\000l\000\040\000A\000r\000r\000a\000y}{section.13}% 52
\BOOKMARK [1][-]{section.14}{\376\377\000R\000e\000l\000a\000t\000e\000d\000\040\000W\000o\000r\000k\000\040\000O\000b\000j\000e\000c\000t\000i\000v\000e\000s}{}% 53
\BOOKMARK [1][-]{section.15}{\376\377\000E\000x\000p\000e\000r\000i\000m\000e\000n\000t\000a\000l\000\040\000C\000l\000a\000i\000m\000s}{}% 54
\BOOKMARK [1][-]{section.16}{\376\377\000C\000o\000m\000p\000l\000e\000x\000i\000t\000y\000\040\000C\000l\000a\000i\000m\000s}{}% 55
\BOOKMARK [2][-]{subsection.16.1}{\376\377\000A\000c\000c\000e\000s\000s\000\040\000C\000o\000m\000p\000l\000e\000x\000i\000t\000y}{section.16}% 56
\BOOKMARK [2][-]{subsection.16.2}{\376\377\000C\000o\000m\000p\000u\000t\000a\000t\000i\000o\000n\000a\000l\000\040\000C\000o\000m\000p\000l\000e\000x\000i\000t\000y}{section.16}% 57
\BOOKMARK [2][-]{subsection.16.3}{\376\377\000S\000t\000o\000r\000a\000g\000e\000\040\000C\000o\000m\000p\000l\000e\000x\000i\000t\000y}{section.16}% 58
\BOOKMARK [2][-]{subsection.16.4}{\376\377\000C\000o\000m\000p\000l\000e\000x\000i\000t\000y\000\040\000C\000o\000n\000v\000e\000n\000t\000i\000o\000n}{section.16}% 59
\BOOKMARK [1][-]{section.17}{\376\377\000N\000o\000v\000e\000l\000t\000y\000\040\000S\000t\000a\000t\000e\000m\000e\000n\000t}{}% 60
\BOOKMARK [2][-]{subsection.17.1}{\376\377\000N\000o\000v\000e\000l\000t\000y\000\040\000C\000l\000a\000s\000s\000i\000f\000i\000c\000a\000t\000i\000o\000n}{section.17}% 61
\BOOKMARK [2][-]{subsection.17.2}{\376\377\000P\000r\000i\000m\000a\000r\000y\000\040\000O\000r\000g\000a\000n\000i\000z\000a\000t\000i\000o\000n\000a\000l\000\040\000C\000o\000n\000t\000r\000i\000b\000u\000t\000i\000o\000n}{section.17}% 62
\BOOKMARK [2][-]{subsection.17.3}{\376\377\000C\000a\000n\000d\000i\000d\000a\000t\000e\000\040\000S\000u\000p\000p\000o\000r\000t\000i\000n\000g\000\040\000C\000o\000n\000t\000r\000i\000b\000u\000t\000i\000o\000n\000s}{section.17}% 63
\BOOKMARK [3][-]{subsubsection.17.3.1}{\376\377\000S\000u\000p\000p\000o\000r\000t\000i\000n\000g\000\040\000C\000o\000n\000t\000r\000i\000b\000u\000t\000i\000o\000n\000s}{subsection.17.3}% 64
\BOOKMARK [2][-]{subsection.17.4}{\376\377\000C\000o\000n\000t\000r\000i\000b\000u\000t\000i\000o\000n\000\040\000H\000i\000e\000r\000a\000r\000c\000h\000y}{section.17}% 65
\BOOKMARK [1][-]{section.18}{\376\377\000M\000e\000t\000h\000o\000d\000o\000l\000o\000g\000i\000c\000a\000l\000\040\000R\000e\000q\000u\000i\000r\000e\000m\000e\000n\000t\000s}{}% 66
\BOOKMARK [2][-]{subsection.18.1}{\376\377\000C\000o\000r\000r\000e\000c\000t\000n\000e\000s\000s\000\040\000M\000e\000c\000h\000a\000n\000i\000s\000m\000s}{section.18}% 67
\BOOKMARK [2][-]{subsection.18.2}{\376\377\000M\000e\000m\000o\000r\000y}{section.18}% 68
\BOOKMARK [1][-]{section.19}{\376\377\000A\000p\000p\000r\000o\000v\000e\000d\000\040\000T\000e\000c\000h\000n\000i\000c\000a\000l\000\040\000C\000l\000a\000i\000m\000s}{}% 69
\BOOKMARK [1][-]{section.20}{\376\377\000R\000e\000t\000i\000r\000e\000d\000\040\000C\000o\000n\000c\000e\000p\000t\000s}{}% 70
\BOOKMARK [1][-]{section.21}{\376\377\000W\000r\000i\000t\000i\000n\000g\000\040\000S\000t\000a\000n\000d\000a\000r\000d\000s}{}% 71
\BOOKMARK [1][-]{section.22}{\376\377\000R\000e\000s\000e\000a\000r\000c\000h\000\040\000S\000e\000p\000a\000r\000a\000t\000i\000o\000n}{}% 72
\BOOKMARK [2][-]{subsection.22.1}{\376\377\000g\000P\000C\000D\000\040\000P\000a\000p\000e\000r}{section.22}% 73
\BOOKMARK [2][-]{subsection.22.2}{\376\377\000F\000i\000e\000l\000d\000\040\000P\000a\000r\000t\000i\000c\000l\000e\000\040\000M\000e\000t\000h\000o\000d\000\040\000P\000a\000p\000e\000r}{section.22}% 74
\BOOKMARK [2][-]{subsection.22.3}{\376\377\000A\000c\000t\000i\000v\000e\000\040\000M\000a\000n\000u\000s\000c\000r\000i\000p\000t\000\040\000R\000u\000l\000e}{section.22}% 75
\BOOKMARK [2][-]{subsection.22.4}{\376\377\000I\000t\000e\000m\000\040\0001\000\040\000S\000t\000a\000t\000u\000s}{section.22}% 76
\BOOKMARK [1][-]{section.23}{\376\377\000M\000a\000n\000u\000s\000c\000r\000i\000p\000t\000\040\000R\000e\000v\000i\000e\000w\000\040\000S\000t\000a\000t\000u\000s}{}% 77
\BOOKMARK [1][-]{section.24}{\376\377\000T\000e\000c\000h\000n\000i\000c\000a\000l\000\040\000P\000r\000e\000s\000e\000n\000t\000a\000t\000i\000o\000n}{}% 78
