\BOOKMARK [1][-]{section.1}{\376\377\000G\000e\000o\000\040\000D\000y\000n\000a\000m\000i\000c\000s\000\040\000C\000o\000n\000v\000e\000n\000t\000i\000o\000n\000s}{}% 1
\BOOKMARK [2][-]{subsection.1.1}{\376\377\000P\000u\000r\000p\000o\000s\000e}{section.1}% 2
\BOOKMARK [2][-]{subsection.1.2}{\376\377\000F\000i\000l\000e\000\040\000B\000o\000u\000n\000d\000a\000r\000i\000e\000s}{section.1}% 3
\BOOKMARK [2][-]{subsection.1.3}{\376\377\000N\000a\000m\000i\000n\000g\000\040\000C\000o\000n\000v\000e\000n\000t\000i\000o\000n}{section.1}% 4
\BOOKMARK [2][-]{subsection.1.4}{\376\377\000D\000a\000t\000a\000\040\000C\000o\000n\000v\000e\000n\000t\000i\000o\000n}{section.1}% 5
\BOOKMARK [2][-]{subsection.1.5}{\376\377\000O\000v\000e\000r\000l\000a\000p\000\040\000A\000r\000e\000a\000\040\000C\000o\000n\000v\000e\000n\000t\000i\000o\000n}{section.1}% 6
\BOOKMARK [2][-]{subsection.1.6}{\376\377\000I\000n\000s\000t\000a\000n\000t\000a\000n\000e\000o\000u\000s\000\040\000G\000e\000o\000m\000e\000t\000r\000i\000c\000\040\000G\000o\000a\000l}{section.1}% 7
\BOOKMARK [2][-]{subsection.1.7}{\376\377\000M\000o\000d\000e\000l\000-\000P\000r\000e\000s\000e\000r\000v\000a\000t\000i\000o\000n\000\040\000W\000a\000r\000n\000i\000n\000g}{section.1}% 8
\BOOKMARK [2][-]{subsection.1.8}{\376\377\000C\000o\000n\000t\000r\000o\000l\000\040\000F\000l\000o\000w\000\040\000S\000h\000a\000p\000e}{section.1}% 9
\BOOKMARK [2][-]{subsection.1.9}{\376\377\000D\000y\000n\000a\000m\000i\000c\000s\000\040\000V\000e\000r\000s\000u\000s\000\040\000H\000a\000r\000n\000e\000s\000s}{section.1}% 10
\BOOKMARK [2][-]{subsection.1.10}{\376\377\000C\000u\000r\000r\000e\000n\000t\000\040\000T\000O\000D\000O}{section.1}% 11
\BOOKMARK [1][-]{section.2}{\376\377\000G\000e\000o\000\040\000G\000L\000S\000L\000\040\000E\000x\000p\000o\000r\000t\000\040\000P\000r\000o\000c\000e\000s\000s}{}% 12
\BOOKMARK [2][-]{subsection.2.1}{\376\377\000P\000u\000r\000p\000o\000s\000e}{section.2}% 13
\BOOKMARK [2][-]{subsection.2.2}{\376\377\000S\000o\000u\000r\000c\000e\000\040\000O\000f\000\040\000T\000r\000u\000t\000h}{section.2}% 14
\BOOKMARK [2][-]{subsection.2.3}{\376\377\000G\000e\000n\000e\000r\000a\000t\000e\000d\000\040\000A\000n\000d\000\040\000H\000a\000n\000d\000-\000O\000w\000n\000e\000d\000\040\000F\000i\000l\000e\000s}{section.2}% 15
\BOOKMARK [2][-]{subsection.2.4}{\376\377\000E\000x\000p\000o\000r\000t\000\040\000C\000o\000n\000t\000r\000a\000c\000t}{section.2}% 16
\BOOKMARK [2][-]{subsection.2.5}{\376\377\000P\000a\000r\000t\000i\000c\000l\000e\000\040\000L\000a\000y\000o\000u\000t\000\040\000C\000o\000n\000t\000r\000a\000c\000t}{section.2}% 17
\BOOKMARK [2][-]{subsection.2.6}{\376\377\000E\000x\000p\000o\000r\000t\000\040\000S\000t\000e\000p\000s}{section.2}% 18
\BOOKMARK [2][-]{subsection.2.7}{\376\377\000V\000e\000r\000i\000f\000i\000c\000a\000t\000i\000o\000n}{section.2}% 19
\BOOKMARK [2][-]{subsection.2.8}{\376\377\000D\000o\000\040\000N\000o\000t\000\040\000P\000a\000t\000c\000h\000\040\000G\000e\000n\000e\000r\000a\000t\000e\000d\000\040\000D\000y\000n\000a\000m\000i\000c\000s}{section.2}% 20
\BOOKMARK [1][-]{section.3}{\376\377\000P\000a\000r\000t\000i\000c\000l\000e\000\040\000G\000e\000o\000m\000e\000t\000r\000y}{}% 21
\BOOKMARK [1][-]{section.4}{\376\377\000C\000u\000r\000r\000e\000n\000t\000\040\000R\000e\000l\000a\000t\000i\000v\000e\000\040\000N\000o\000r\000m\000a\000l\000\040\000V\000e\000l\000o\000c\000i\000t\000y}{}% 22
\BOOKMARK [1][-]{section.5}{\376\377\000O\000v\000e\000r\000l\000a\000p\000\040\000G\000e\000o\000m\000e\000t\000r\000y}{}% 23
\BOOKMARK [1][-]{section.6}{\376\377\000G\000e\000o\000m\000e\000t\000r\000i\000c\000\040\000R\000e\000s\000p\000o\000n\000s\000e}{}% 24
\BOOKMARK [1][-]{section.7}{\376\377\000S\000o\000u\000r\000c\000e\000-\000O\000w\000n\000e\000d\000\040\000A\000r\000e\000a\000\040\000W\000e\000i\000g\000h\000t\000i\000n\000g}{}% 25
\BOOKMARK [1][-]{section.8}{\376\377\000L\000e\000g\000a\000c\000y\000\040\000T\000u\000r\000n\000a\000r\000o\000u\000n\000d\000\040\000F\000o\000r\000m\000u\000l\000a\000s}{}% 26
\BOOKMARK [1][-]{section.9}{\376\377\000S\000t\000a\000r\000t\000i\000n\000g\000\040\000I\000n\000\040\000C\000o\000n\000t\000a\000c\000t}{}% 27
\BOOKMARK [1][-]{section.10}{\376\377\000O\000L\000D\000\040\000P\000a\000r\000t\000i\000c\000l\000e\000\040\000G\000e\000o\000m\000e\000t\000r\000y}{}% 28
\BOOKMARK [1][-]{section.11}{\376\377\000A\000\040\000s\000e\000c\000o\000n\000d\000\040\000c\000o\000l\000l\000i\000s\000i\000o\000n\000\040\000f\000u\000n\000c\000t\000i\000o\000n}{}% 29
\BOOKMARK [1][-]{section.12}{\376\377\000E\000q\000u\000i\000v\000a\000l\000e\000n\000c\000e\000\040\000o\000f\000\040\000t\000h\000e\000\040\000t\000w\000o\000\040\000f\000u\000n\000c\000t\000i\000o\000n\000s}{}% 30
\BOOKMARK [1][-]{section.13}{\376\377\000F\000o\000r\000c\000e\000\040\000f\000a\000c\000t\000o\000r}{}% 31
\BOOKMARK [1][-]{section.14}{\376\377\000I\000m\000p\000a\000c\000t\000\040\000o\000n\000\040\000s\000t\000a\000r\000t\000i\000n\000g\000\040\000i\000n\000\040\000a\000\040\000c\000o\000l\000l\000i\000s\000i\000o\000n}{}% 32
\BOOKMARK [1][-]{section.15}{\376\377\000M\000u\000l\000t\000i\000-\000P\000a\000r\000t\000i\000c\000l\000e\000\040\000C\000o\000n\000t\000a\000c\000t\000s}{}% 33
\BOOKMARK [2][-]{subsection.15.1}{\376\377\000V\000e\000l\000o\000c\000i\000t\000y}{section.15}% 34
\BOOKMARK [2][-]{subsection.15.2}{\376\377\000M\000o\000m\000e\000n\000t\000u\000m}{section.15}% 35
\BOOKMARK [2][-]{subsection.15.3}{\376\377\000F\000o\000r\000c\000e}{section.15}% 36
\BOOKMARK [2][-]{subsection.15.4}{\376\377\000M\000u\000l\000t\000i\000c\000o\000n\000t\000a\000c\000t\000\040\000r\000u\000l\000e}{section.15}% 37
\BOOKMARK [1][-]{section.16}{\376\377\000C\000o\000n\000t\000a\000c\000t\000\040\000P\000r\000e\000d\000i\000c\000t\000i\000o\000n\000\040\000P\000r\000o\000c\000e\000s\000s\000i\000n\000g}{}% 38
\BOOKMARK [2][-]{subsection.16.1}{\376\377\000P\000a\000r\000t\000i\000c\000l\000e\000\040\000C\000o\000n\000t\000a\000c\000t\000\040\000P\000r\000e\000d\000i\000c\000t\000i\000o\000n\000\040\000A\000l\000g\000o\000r\000i\000t\000h\000m}{section.16}% 39
\BOOKMARK [2][-]{subsection.16.2}{\376\377\000W\000a\000l\000l\000\040\000C\000o\000n\000t\000a\000c\000t\000\040\000P\000r\000e\000d\000i\000c\000t\000i\000o\000n\000\040\000A\000l\000g\000o\000r\000i\000t\000h\000m}{section.16}% 40
\BOOKMARK [2][-]{subsection.16.3}{\376\377\000P\000h\000a\000s\000e\000\040\000U\000p\000d\000a\000t\000e\000\040\000A\000l\000g\000o\000r\000i\000t\000h\000m}{section.16}% 41
\BOOKMARK [2][-]{subsection.16.4}{\376\377\000P\000s\000e\000u\000d\000o\000c\000o\000d\000e}{section.16}% 42
\BOOKMARK [2][-]{subsection.16.5}{\376\377\000K\000n\000o\000w\000n\000\040\000Q\000u\000e\000s\000t\000i\000o\000n\000s}{section.16}% 43
\BOOKMARK [1][-]{section.17}{\376\377\000S\000c\000h\000e\000d\000u\000l\000e\000-\000W\000i\000s\000e\000\040\000C\000o\000n\000t\000a\000c\000t\000\040\000R\000e\000s\000o\000l\000u\000t\000i\000o\000n}{}% 44
\BOOKMARK [2][-]{subsection.17.1}{\376\377\000D\000e\000f\000i\000n\000i\000t\000i\000o\000n\000s}{section.17}% 45
\BOOKMARK [2][-]{subsection.17.2}{\376\377\000A\000l\000g\000o\000r\000i\000t\000h\000m}{section.17}% 46
\BOOKMARK [2][-]{subsection.17.3}{\376\377\000P\000s\000e\000u\000d\000o\000c\000o\000d\000e}{section.17}% 47
\BOOKMARK [2][-]{subsection.17.4}{\376\377\000K\000n\000o\000w\000n\000\040\000Q\000u\000e\000s\000t\000i\000o\000n}{section.17}% 48
\BOOKMARK [1][-]{section.18}{\376\377\000P\000o\000r\000t\000i\000n\000g\000\040\000P\000y\000t\000h\000o\000n\000\040\000t\000o\000\040\000g\000l\000s\000l}{}% 49
\BOOKMARK [1][-]{section.19}{\376\377\000D\000r\000i\000f\000t\000\040\000c\000a\000l\000c\000u\000l\000a\000t\000i\000o\000n\000s}{}% 50
\BOOKMARK [2][-]{subsection.19.1}{\376\377\000U\000I\000\040\000M\000o\000m\000e\000n\000t\000u\000m\000\040\000M\000o\000d\000e\000l}{section.19}% 51
\BOOKMARK [2][-]{subsection.19.2}{\376\377\000M\000o\000m\000e\000n\000t\000u\000m\000\040\000D\000r\000i\000f\000t}{section.19}% 52
\BOOKMARK [2][-]{subsection.19.3}{\376\377\000U\000I\000\040\000R\000o\000w\000s}{section.19}% 53
\BOOKMARK [2][-]{subsection.19.4}{\376\377\000C\000a\000p\000t\000u\000r\000e\000\040\000D\000i\000a\000g\000n\000o\000s\000t\000i\000c\000s}{section.19}% 54
\BOOKMARK [2][-]{subsection.19.5}{\376\377\000W\000a\000l\000l\000\040\000C\000o\000n\000t\000a\000c\000t\000\040\000C\000l\000o\000s\000u\000r\000e\000\040\000D\000i\000a\000g\000n\000o\000s\000t\000i\000c\000s}{section.19}% 55
\BOOKMARK [1][-]{section.20}{\376\377\000M\000i\000n\000i\000m\000a\000l\000\040\000G\000L\000S\000L\000\040\000c\000o\000n\000t\000a\000c\000t\000\040\000s\000t\000a\000t\000e}{}% 56
\BOOKMARK [1][-]{section.21}{\376\377\000S\000t\000i\000f\000f\000n\000e\000s\000s\000\040\000a\000n\000d\000\040\000V\000e\000l\000o\000c\000i\000t\000y\000\040\000a\000t\000\040\000O\000v\000e\000r\000l\000a\000p}{}% 57
\BOOKMARK [2][-]{subsection.21.1}{\376\377\000C\000h\000a\000s\000e\000\040\000C\000o\000l\000l\000i\000s\000i\000o\000n\000\040\000P\000r\000o\000b\000l\000e\000m\000\040\000A\000r\000e\000a}{section.21}% 58
