\BOOKMARK [1][-]{section.1}{\376\377\000L\000i\000g\000h\000t\000i\000n\000g\000\040\000B\000a\000l\000l}{}% 1
\BOOKMARK [2][-]{subsection.1.1}{\376\377\000P\000u\000r\000p\000o\000s\000e}{section.1}% 2
\BOOKMARK [2][-]{subsection.1.2}{\376\377\000C\000o\000n\000f\000i\000g\000u\000r\000e\000d\000\040\000S\000p\000h\000e\000r\000e}{section.1}% 3
\BOOKMARK [2][-]{subsection.1.3}{\376\377\000P\000y\000t\000h\000o\000n\000\040\000S\000t\000a\000t\000u\000s}{section.1}% 4
\BOOKMARK [2][-]{subsection.1.4}{\376\377\000V\000u\000l\000k\000a\000n\000\040\000S\000t\000a\000t\000u\000s}{section.1}% 5
\BOOKMARK [2][-]{subsection.1.5}{\376\377\000N\000e\000x\000t\000\040\000E\000x\000p\000o\000r\000t\000\040\000W\000o\000r\000k}{section.1}% 6
\BOOKMARK [1][-]{section.2}{\376\377\000F\000o\000r\000c\000e\000D\000y\000n\000a\000m\000i\000c\000s\000\040\000S\000o\000u\000r\000c\000e\000\040\000F\000l\000o\000w}{}% 7
\BOOKMARK [2][-]{subsection.2.1}{\376\377\000H\000i\000g\000h\000-\000L\000e\000v\000e\000l\000\040\000M\000o\000d\000e\000l}{section.2}% 8
\BOOKMARK [2][-]{subsection.2.2}{\376\377\000F\000r\000a\000m\000e\000\040\000O\000r\000c\000h\000e\000s\000t\000r\000a\000t\000i\000o\000n}{section.2}% 9
\BOOKMARK [3][-]{subsubsection.2.2.1}{\376\377\000C\000o\000l\000l\000i\000s\000i\000o\000n\000R\000u\000n}{subsection.2.2}% 10
\BOOKMARK [3][-]{subsubsection.2.2.2}{\376\377\000B\000e\000g\000i\000n\000F\000r\000a\000m\000e}{subsection.2.2}% 11
\BOOKMARK [3][-]{subsubsection.2.2.3}{\376\377\000A\000p\000p\000l\000y\000B\000e\000f\000o\000r\000e\000C\000o\000n\000t\000a\000c\000t\000S\000c\000a\000n\000H\000o\000o\000k}{subsection.2.2}% 12
\BOOKMARK [3][-]{subsubsection.2.2.4}{\376\377\000R\000e\000s\000e\000t\000F\000r\000a\000m\000e\000S\000t\000a\000t\000e}{subsection.2.2}% 13
\BOOKMARK [3][-]{subsubsection.2.2.5}{\376\377\000A\000p\000p\000l\000y\000S\000t\000a\000r\000t\000R\000u\000n\000H\000o\000o\000k}{subsection.2.2}% 14
\BOOKMARK [3][-]{subsubsection.2.2.6}{\376\377\000B\000u\000i\000l\000d\000F\000r\000a\000m\000e\000S\000n\000a\000p\000s\000h\000o\000t}{subsection.2.2}% 15
\BOOKMARK [3][-]{subsubsection.2.2.7}{\376\377\000B\000u\000i\000l\000d\000E\000n\000d\000P\000o\000s\000i\000t\000i\000o\000n\000S\000n\000a\000p\000s\000h\000o\000t}{subsection.2.2}% 16
\BOOKMARK [3][-]{subsubsection.2.2.8}{\376\377\000D\000e\000t\000e\000c\000t\000C\000o\000n\000t\000a\000c\000t\000s}{subsection.2.2}% 17
\BOOKMARK [3][-]{subsubsection.2.2.9}{\376\377\000N\000a\000i\000v\000e\000C\000o\000n\000t\000a\000c\000t\000D\000e\000t\000e\000r\000m\000i\000n\000a\000t\000i\000o\000n}{subsection.2.2}% 18
\BOOKMARK [3][-]{subsubsection.2.2.10}{\376\377\000C\000a\000l\000c\000u\000l\000a\000t\000e\000V\000e\000l\000o\000c\000i\000t\000i\000e\000s}{subsection.2.2}% 19
\BOOKMARK [3][-]{subsubsection.2.2.11}{\376\377\000C\000a\000l\000c\000u\000l\000a\000t\000e\000P\000o\000s\000i\000t\000i\000o\000n\000s}{subsection.2.2}% 20
\BOOKMARK [3][-]{subsubsection.2.2.12}{\376\377\000E\000n\000d\000F\000r\000a\000m\000e}{subsection.2.2}% 21
\BOOKMARK [2][-]{subsection.2.3}{\376\377\000P\000a\000r\000t\000i\000c\000l\000e\000\040\000C\000o\000n\000t\000a\000c\000t\000s}{section.2}% 22
\BOOKMARK [3][-]{subsubsection.2.3.1}{\376\377\000G\000e\000t\000P\000h\000y\000s\000i\000c\000a\000l\000P\000a\000r\000t\000i\000c\000l\000e\000C\000o\000n\000t\000a\000c\000t}{subsection.2.3}% 23
\BOOKMARK [3][-]{subsubsection.2.3.2}{\376\377\000G\000e\000t\000P\000a\000r\000t\000i\000c\000l\000e\000G\000e\000o\000m\000e\000t\000r\000y}{subsection.2.3}% 24
\BOOKMARK [3][-]{subsubsection.2.3.3}{\376\377\000P\000r\000o\000c\000e\000s\000s\000P\000a\000r\000t\000i\000c\000l\000e\000C\000o\000l\000l\000i\000s\000i\000o\000n}{subsection.2.3}% 25
\BOOKMARK [3][-]{subsubsection.2.3.4}{\376\377\000I\000n\000i\000t\000i\000a\000l\000i\000z\000e\000C\000o\000n\000t\000a\000c\000t\000S\000t\000a\000t\000e}{subsection.2.3}% 26
\BOOKMARK [3][-]{subsubsection.2.3.5}{\376\377\000G\000e\000t\000C\000o\000n\000t\000a\000c\000t\000S\000t\000a\000t\000e}{subsection.2.3}% 27
\BOOKMARK [3][-]{subsubsection.2.3.6}{\376\377\000A\000p\000p\000e\000n\000d\000C\000o\000n\000t\000a\000c\000t\000S\000l\000o\000t}{subsection.2.3}% 28
\BOOKMARK [3][-]{subsubsection.2.3.7}{\376\377\000P\000a\000r\000t\000i\000c\000l\000e\000C\000o\000n\000t\000a\000c\000t\000T\000a\000r\000g\000e\000t\000I\000D\000s}{subsection.2.3}% 29
\BOOKMARK [3][-]{subsubsection.2.3.8}{\376\377\000P\000a\000r\000t\000i\000c\000l\000e\000P\000e\000n\000e\000t\000r\000a\000t\000i\000o\000n\000D\000e\000p\000t\000h}{subsection.2.3}% 30
\BOOKMARK [3][-]{subsubsection.2.3.9}{\376\377\000p\000a\000r\000t\000i\000c\000l\000e\000_\000o\000v\000e\000r\000l\000a\000p\000_\000a\000r\000e\000a}{subsection.2.3}% 31
\BOOKMARK [2][-]{subsection.2.4}{\376\377\000P\000a\000r\000a\000m\000e\000t\000r\000i\000c\000\040\000W\000a\000l\000l\000s}{section.2}% 32
\BOOKMARK [3][-]{subsubsection.2.4.1}{\376\377\000P\000a\000r\000a\000m\000e\000t\000r\000i\000c\000B\000o\000u\000n\000d\000a\000r\000y\000M\000a\000r\000k\000e\000r\000A\000p\000p\000l\000i\000e\000s}{subsection.2.4}% 33
\BOOKMARK [3][-]{subsubsection.2.4.2}{\376\377\000E\000v\000a\000l\000u\000a\000t\000e\000P\000a\000r\000a\000m\000e\000t\000r\000i\000c\000W\000a\000l\000l\000S\000e\000g\000m\000e\000n\000t}{subsection.2.4}% 34
\BOOKMARK [3][-]{subsubsection.2.4.3}{\376\377\000E\000v\000a\000l\000u\000a\000t\000e\000P\000a\000r\000a\000m\000e\000t\000r\000i\000c\000W\000a\000l\000l\000C\000o\000n\000t\000a\000c\000t\000s}{subsection.2.4}% 35
\BOOKMARK [3][-]{subsubsection.2.4.4}{\376\377\000P\000r\000o\000c\000e\000s\000s\000P\000a\000r\000a\000m\000e\000t\000r\000i\000c\000W\000a\000l\000l\000C\000o\000l\000l\000i\000s\000i\000o\000n}{subsection.2.4}% 36
\BOOKMARK [3][-]{subsubsection.2.4.5}{\376\377\000I\000n\000i\000t\000i\000a\000l\000i\000z\000e\000P\000a\000r\000a\000m\000e\000t\000r\000i\000c\000W\000a\000l\000l\000C\000o\000n\000t\000a\000c\000t\000S\000t\000a\000t\000e}{subsection.2.4}% 37
\BOOKMARK [3][-]{subsubsection.2.4.6}{\376\377\000A\000p\000p\000e\000n\000d\000W\000a\000l\000l\000C\000o\000n\000t\000a\000c\000t\000S\000l\000o\000t}{subsection.2.4}% 38
\BOOKMARK [3][-]{subsubsection.2.4.7}{\376\377\000P\000a\000r\000a\000m\000e\000t\000r\000i\000c\000W\000a\000l\000l\000P\000h\000y\000s\000i\000c\000a\000l\000P\000e\000n\000e\000t\000r\000a\000t\000i\000o\000n}{subsection.2.4}% 39
\BOOKMARK [3][-]{subsubsection.2.4.8}{\376\377\000W\000a\000l\000l\000C\000o\000n\000t\000a\000c\000t\000O\000f\000f\000s\000e\000t\000D\000i\000s\000t\000a\000n\000c\000e}{subsection.2.4}% 40
\BOOKMARK [3][-]{subsubsection.2.4.9}{\376\377\000C\000h\000e\000c\000k\000W\000a\000l\000l\000M\000a\000x\000i\000m\000u\000m\000D\000e\000p\000t\000h}{subsection.2.4}% 41
\BOOKMARK [2][-]{subsection.2.5}{\376\377\000P\000i\000s\000t\000o\000n}{section.2}% 42
\BOOKMARK [3][-]{subsubsection.2.5.1}{\376\377\000P\000i\000s\000t\000o\000n\000E\000n\000a\000b\000l\000e\000d}{subsection.2.5}% 43
\BOOKMARK [3][-]{subsubsection.2.5.2}{\376\377\000G\000e\000t\000P\000i\000s\000t\000o\000n\000P\000o\000s\000i\000t\000i\000o\000n}{subsection.2.5}% 44
\BOOKMARK [3][-]{subsubsection.2.5.3}{\376\377\000G\000e\000t\000P\000i\000s\000t\000o\000n\000V\000e\000l\000o\000c\000i\000t\000y}{subsection.2.5}% 45
\BOOKMARK [3][-]{subsubsection.2.5.4}{\376\377\000E\000v\000a\000l\000u\000a\000t\000e\000P\000i\000s\000t\000o\000n\000W\000a\000l\000l}{subsection.2.5}% 46
\BOOKMARK [3][-]{subsubsection.2.5.5}{\376\377\000P\000r\000o\000c\000e\000s\000s\000P\000i\000s\000t\000o\000n\000C\000o\000l\000l\000i\000s\000i\000o\000n}{subsection.2.5}% 47
\BOOKMARK [2][-]{subsection.2.6}{\376\377\000C\000o\000n\000t\000a\000c\000t\000\040\000F\000o\000r\000c\000e\000\040\000a\000n\000d\000\040\000M\000e\000m\000o\000r\000y}{section.2}% 48
\BOOKMARK [3][-]{subsubsection.2.6.1}{\376\377\000A\000c\000c\000u\000m\000u\000l\000a\000t\000e\000C\000o\000n\000t\000a\000c\000t\000F\000o\000r\000c\000e}{subsection.2.6}% 49
\BOOKMARK [3][-]{subsubsection.2.6.2}{\376\377\000G\000e\000t\000P\000a\000i\000r\000S\000t\000i\000f\000f\000n\000e\000s\000s}{subsection.2.6}% 50
\BOOKMARK [3][-]{subsubsection.2.6.3}{\376\377\000G\000e\000t\000C\000o\000n\000t\000a\000c\000t\000S\000t\000i\000f\000f\000n\000e\000s\000s}{subsection.2.6}% 51
\BOOKMARK [3][-]{subsubsection.2.6.4}{\376\377\000G\000e\000t\000S\000t\000a\000r\000t\000F\000r\000a\000m\000e\000V\000e\000l\000o\000c\000i\000t\000y}{subsection.2.6}% 52
\BOOKMARK [3][-]{subsubsection.2.6.5}{\376\377\000R\000e\000c\000o\000r\000d\000R\000e\000c\000o\000v\000e\000r\000a\000b\000l\000e\000I\000n\000t\000e\000r\000n\000a\000l\000M\000o\000m\000e\000n\000t\000u\000m}{subsection.2.6}% 53
\BOOKMARK [3][-]{subsubsection.2.6.6}{\376\377\000S\000y\000n\000c\000I\000n\000t\000e\000r\000n\000a\000l\000M\000o\000m\000e\000n\000t\000u\000m\000M\000a\000g\000n\000i\000t\000u\000d\000e}{subsection.2.6}% 54
\BOOKMARK [3][-]{subsubsection.2.6.7}{\376\377\000C\000l\000e\000a\000r\000R\000e\000c\000o\000v\000e\000r\000a\000b\000l\000e\000I\000n\000t\000e\000r\000n\000a\000l\000M\000o\000m\000e\000n\000t\000u\000m}{subsection.2.6}% 55
\BOOKMARK [3][-]{subsubsection.2.6.8}{\376\377\000C\000l\000e\000a\000r\000I\000n\000a\000c\000t\000i\000v\000e\000R\000e\000c\000o\000v\000e\000r\000a\000b\000l\000e\000I\000n\000t\000e\000r\000n\000a\000l\000M\000o\000m\000e\000n\000t\000u\000m}{subsection.2.6}% 56
\BOOKMARK [2][-]{subsection.2.7}{\376\377\000M\000a\000x\000i\000m\000u\000m\000\040\000D\000e\000p\000t\000h\000\040\000a\000n\000d\000\040\000T\000i\000m\000e\000s\000t\000e\000p\000\040\000S\000a\000f\000e\000t\000y}{section.2}% 57
\BOOKMARK [3][-]{subsubsection.2.7.1}{\376\377\000C\000h\000e\000c\000k\000P\000e\000n\000e\000t\000r\000a\000t\000i\000o\000n\000S\000t\000e\000p\000R\000e\000s\000o\000l\000u\000t\000i\000o\000n}{subsection.2.7}% 58
\BOOKMARK [3][-]{subsubsection.2.7.2}{\376\377\000A\000p\000p\000l\000y\000S\000o\000u\000r\000c\000e\000M\000a\000x\000i\000m\000u\000m\000D\000e\000p\000t\000h}{subsection.2.7}% 59
\BOOKMARK [3][-]{subsubsection.2.7.3}{\376\377\000P\000r\000o\000j\000e\000c\000t\000S\000o\000u\000r\000c\000e\000V\000e\000l\000o\000c\000i\000t\000y\000T\000o\000C\000o\000n\000t\000a\000c\000t\000S\000e\000t}{subsection.2.7}% 60
\BOOKMARK [3][-]{subsubsection.2.7.4}{\376\377\000S\000o\000l\000v\000e\000S\000m\000a\000l\000l\000L\000i\000n\000e\000a\000r\000S\000y\000s\000t\000e\000m}{subsection.2.7}% 61
\BOOKMARK [2][-]{subsection.2.8}{\376\377\000V\000e\000l\000o\000c\000i\000t\000y\000,\000\040\000P\000o\000s\000i\000t\000i\000o\000n\000,\000\040\000a\000n\000d\000\040\000A\000c\000t\000i\000v\000i\000t\000y}{section.2}% 62
\BOOKMARK [3][-]{subsubsection.2.8.1}{\376\377\000C\000a\000l\000c\000V\000e\000l\000o\000c\000i\000t\000y}{subsection.2.8}% 63
\BOOKMARK [3][-]{subsubsection.2.8.2}{\376\377\000C\000a\000l\000c\000P\000o\000s\000i\000t\000i\000o\000n}{subsection.2.8}% 64
\BOOKMARK [3][-]{subsubsection.2.8.3}{\376\377\000G\000e\000t\000P\000a\000r\000t\000i\000c\000l\000e\000M\000a\000s\000s}{subsection.2.8}% 65
\BOOKMARK [3][-]{subsubsection.2.8.4}{\376\377\000G\000e\000t\000P\000a\000r\000t\000i\000c\000l\000e\000P\000o\000s\000i\000t\000i\000o\000n}{subsection.2.8}% 66
\BOOKMARK [3][-]{subsubsection.2.8.5}{\376\377\000G\000e\000t\000C\000u\000r\000r\000e\000n\000t\000P\000a\000r\000t\000i\000c\000l\000e\000P\000o\000s\000i\000t\000i\000o\000n}{subsection.2.8}% 67
\BOOKMARK [3][-]{subsubsection.2.8.6}{\376\377\000G\000e\000t\000P\000a\000r\000t\000i\000c\000l\000e\000V\000e\000l\000o\000c\000i\000t\000y}{subsection.2.8}% 68
\BOOKMARK [3][-]{subsubsection.2.8.7}{\376\377\000p\000a\000r\000t\000i\000c\000l\000e\000_\000p\000o\000s\000i\000t\000i\000o\000n}{subsection.2.8}% 69
\BOOKMARK [3][-]{subsubsection.2.8.8}{\376\377\000V\000e\000l\000o\000c\000i\000t\000y\000A\000n\000g\000l\000e}{subsection.2.8}% 70
\BOOKMARK [3][-]{subsubsection.2.8.9}{\376\377\000I\000s\000N\000u\000l\000l\000P\000a\000r\000t\000i\000c\000l\000e}{subsection.2.8}% 71
\BOOKMARK [3][-]{subsubsection.2.8.10}{\376\377\000I\000s\000B\000o\000u\000n\000d\000a\000r\000y\000P\000a\000r\000t\000i\000c\000l\000e}{subsection.2.8}% 72
\BOOKMARK [3][-]{subsubsection.2.8.11}{\376\377\000I\000s\000M\000o\000b\000i\000l\000e\000P\000a\000r\000t\000i\000c\000l\000e\000A\000c\000t\000i\000v\000e\000F\000o\000r\000D\000y\000n\000a\000m\000i\000c\000s}{subsection.2.8}% 73
\BOOKMARK [2][-]{subsection.2.9}{\376\377\000I\000n\000i\000t\000i\000a\000l\000\040\000V\000a\000l\000i\000d\000a\000t\000i\000o\000n\000\040\000a\000n\000d\000\040\000E\000r\000r\000o\000r\000s}{section.2}% 74
\BOOKMARK [3][-]{subsubsection.2.9.1}{\376\377\000V\000a\000l\000i\000d\000a\000t\000e\000I\000n\000i\000t\000i\000a\000l\000G\000e\000o\000m\000e\000t\000r\000y}{subsection.2.9}% 75
\BOOKMARK [3][-]{subsubsection.2.9.2}{\376\377\000S\000e\000t\000E\000r\000r\000o\000r}{subsection.2.9}% 76
\BOOKMARK [3][-]{subsubsection.2.9.3}{\376\377\000E\000r\000r\000o\000r\000D\000e\000s\000c\000r\000i\000p\000t\000i\000o\000n}{subsection.2.9}% 77
\BOOKMARK [2][-]{subsection.2.10}{\376\377\000C\000o\000n\000t\000a\000c\000t\000\040\000L\000e\000d\000g\000e\000r}{section.2}% 78
\BOOKMARK [3][-]{subsubsection.2.10.1}{\376\377\000B\000e\000g\000i\000n\000C\000o\000n\000t\000a\000c\000t\000F\000r\000a\000m\000e}{subsection.2.10}% 79
\BOOKMARK [3][-]{subsubsection.2.10.2}{\376\377\000G\000e\000t\000C\000o\000n\000t\000a\000c\000t\000S\000l\000o\000t\000s}{subsection.2.10}% 80
\BOOKMARK [3][-]{subsubsection.2.10.3}{\376\377\000C\000l\000e\000a\000r\000C\000o\000n\000t\000a\000c\000t\000S\000l\000o\000t}{subsection.2.10}% 81
\BOOKMARK [3][-]{subsubsection.2.10.4}{\376\377\000C\000l\000e\000a\000r\000C\000o\000n\000t\000a\000c\000t\000D\000i\000a\000g\000n\000o\000s\000t\000i\000c\000s}{subsection.2.10}% 82
\BOOKMARK [3][-]{subsubsection.2.10.5}{\376\377\000R\000e\000c\000o\000r\000d\000C\000o\000n\000t\000a\000c\000t\000P\000a\000r\000a\000m\000e\000t\000e\000r\000s}{subsection.2.10}% 83
\BOOKMARK [2][-]{subsection.2.11}{\376\377\000D\000i\000a\000g\000n\000o\000s\000t\000i\000c\000s\000\040\000a\000n\000d\000\040\000E\000n\000e\000r\000g\000y}{section.2}% 84
\BOOKMARK [3][-]{subsubsection.2.11.1}{\376\377\000P\000a\000r\000t\000i\000c\000l\000e\000K\000i\000n\000e\000t\000i\000c\000E\000n\000e\000r\000g\000y}{subsection.2.11}% 85
\BOOKMARK [3][-]{subsubsection.2.11.2}{\376\377\000G\000e\000t\000C\000o\000n\000t\000a\000c\000t\000P\000o\000t\000e\000n\000t\000i\000a\000l\000E\000n\000e\000r\000g\000y}{subsection.2.11}% 86
\BOOKMARK [3][-]{subsubsection.2.11.3}{\376\377\000G\000e\000t\000O\000v\000e\000r\000l\000a\000p\000P\000o\000t\000e\000n\000t\000i\000a\000l\000E\000n\000e\000r\000g\000y}{subsection.2.11}% 87
\BOOKMARK [3][-]{subsubsection.2.11.4}{\376\377\000T\000o\000t\000a\000l\000P\000o\000t\000e\000n\000t\000i\000a\000l\000E\000n\000e\000r\000g\000y}{subsection.2.11}% 88
\BOOKMARK [3][-]{subsubsection.2.11.5}{\376\377\000T\000o\000t\000a\000l\000W\000a\000l\000l\000P\000o\000t\000e\000n\000t\000i\000a\000l\000E\000n\000e\000r\000g\000y}{subsection.2.11}% 89
\BOOKMARK [3][-]{subsubsection.2.11.6}{\376\377\000C\000u\000r\000r\000e\000n\000t\000D\000i\000a\000g\000n\000o\000s\000t\000i\000c\000T\000o\000t\000a\000l\000E\000n\000e\000r\000g\000y}{subsection.2.11}% 90
\BOOKMARK [3][-]{subsubsection.2.11.7}{\376\377\000C\000a\000p\000t\000u\000r\000e\000P\000a\000i\000r\000G\000e\000o\000m\000e\000t\000r\000y\000D\000i\000a\000g\000n\000o\000s\000t\000i\000c\000s}{subsection.2.11}% 91
\BOOKMARK [3][-]{subsubsection.2.11.8}{\376\377\000I\000n\000i\000t\000i\000a\000l\000i\000z\000e\000P\000a\000i\000r\000P\000h\000a\000s\000e\000E\000n\000e\000r\000g\000y\000R\000e\000f\000e\000r\000e\000n\000c\000e}{subsection.2.11}% 92
\BOOKMARK [3][-]{subsubsection.2.11.9}{\376\377\000R\000e\000c\000o\000r\000d\000P\000a\000i\000r\000P\000h\000a\000s\000e\000D\000i\000a\000g\000n\000o\000s\000t\000i\000c\000s}{subsection.2.11}% 93
\BOOKMARK [3][-]{subsubsection.2.11.10}{\376\377\000R\000e\000c\000o\000r\000d\000F\000r\000a\000m\000e\000S\000t\000a\000r\000t\000D\000i\000a\000g\000n\000o\000s\000t\000i\000c\000s}{subsection.2.11}% 94
\BOOKMARK [3][-]{subsubsection.2.11.11}{\376\377\000R\000e\000c\000o\000r\000d\000A\000f\000t\000e\000r\000R\000e\000s\000o\000l\000v\000e\000D\000i\000a\000g\000n\000o\000s\000t\000i\000c\000s}{subsection.2.11}% 95
\BOOKMARK [2][-]{subsection.2.12}{\376\377\000C\000o\000n\000f\000i\000g\000u\000r\000a\000t\000i\000o\000n\000\040\000a\000n\000d\000\040\000C\000o\000n\000s\000t\000r\000u\000c\000t\000i\000o\000n}{section.2}% 96
\BOOKMARK [3][-]{subsubsection.2.12.1}{\376\377\000l\000o\000a\000d\000_\000c\000f\000g\000_\000f\000i\000l\000e}{subsection.2.12}% 97
\BOOKMARK [3][-]{subsubsection.2.12.2}{\376\377\000l\000o\000a\000d\000_\000i\000n\000c\000l\000u\000d\000e}{subsection.2.12}% 98
\BOOKMARK [3][-]{subsubsection.2.12.3}{\376\377\000l\000o\000a\000d\000_\000c\000o\000n\000s\000t\000a\000n\000t\000s}{subsection.2.12}% 99
\BOOKMARK [3][-]{subsubsection.2.12.4}{\376\377\000a\000d\000d\000_\000p\000a\000r\000a\000m\000e\000t\000r\000i\000c\000_\000b\000o\000u\000n\000d\000a\000r\000y\000_\000m\000a\000r\000k\000e\000r\000s\000_\000f\000r\000o\000m\000_\000c\000f\000g}{subsection.2.12}% 100
\BOOKMARK [3][-]{subsubsection.2.12.5}{\376\377\000g\000e\000t\000P\000a\000r\000t\000i\000c\000l\000e\000D\000a\000t\000a}{subsection.2.12}% 101
\BOOKMARK [3][-]{subsubsection.2.12.6}{\376\377\000c\000r\000e\000a\000t\000e\000_\000p\000a\000r\000t\000i\000c\000l\000e\000_\000f\000r\000o\000m\000_\000c\000f\000g}{subsection.2.12}% 102
\BOOKMARK [3][-]{subsubsection.2.12.7}{\376\377\000c\000r\000e\000a\000t\000e\000_\000p\000a\000r\000t\000i\000c\000l\000e\000_\000a\000r\000r\000a\000y\000_\000f\000r\000o\000m\000_\000c\000f\000g}{subsection.2.12}% 103
\BOOKMARK [3][-]{subsubsection.2.12.8}{\376\377\000c\000r\000e\000a\000t\000e\000_\000p\000a\000r\000t\000i\000c\000l\000e\000_\000a\000r\000r\000a\000y}{subsection.2.12}% 104
\BOOKMARK [3][-]{subsubsection.2.12.9}{\376\377\000c\000r\000e\000a\000t\000e\000_\000p\000a\000r\000t\000i\000c\000l\000e}{subsection.2.12}% 105
\BOOKMARK [3][-]{subsubsection.2.12.10}{\376\377\000c\000r\000e\000a\000t\000e\000_\000s\000h\000a\000d\000e\000r\000_\000f\000l\000a\000g\000s\000_\000f\000r\000o\000m\000_\000c\000f\000g}{subsection.2.12}% 106
\BOOKMARK [3][-]{subsubsection.2.12.11}{\376\377\000c\000r\000e\000a\000t\000e\000_\000s\000h\000a\000d\000e\000r\000_\000f\000l\000a\000g\000s}{subsection.2.12}% 107
\BOOKMARK [3][-]{subsubsection.2.12.12}{\376\377\000c\000r\000e\000a\000t\000e\000_\000c\000o\000l\000l\000i\000s\000i\000o\000n\000_\000i\000n}{subsection.2.12}% 108
\BOOKMARK [3][-]{subsubsection.2.12.13}{\376\377\000c\000r\000e\000a\000t\000e\000_\000g\000e\000o\000_\000c\000o\000n\000t\000a\000c\000t\000_\000s\000t\000a\000t\000e}{subsection.2.12}% 109
\BOOKMARK [3][-]{subsubsection.2.12.14}{\376\377\000c\000r\000e\000a\000t\000e\000_\000v\000e\000c\0004}{subsection.2.12}% 110
\BOOKMARK [3][-]{subsubsection.2.12.15}{\376\377\000c\000r\000e\000a\000t\000e\000_\000u\000v\000e\000c\0004}{subsection.2.12}% 111
\BOOKMARK [1][-]{section.3}{\376\377\000D\000y\000n\000a\000m\000i\000c\000s\000\040\000T\000h\000e\000o\000r\000y}{}% 112
\BOOKMARK [2][-]{subsection.3.1}{\376\377\000P\000u\000r\000p\000o\000s\000e\000\040\000a\000n\000d\000\040\000A\000u\000t\000h\000o\000r\000i\000t\000y}{section.3}% 113
\BOOKMARK [2][-]{subsection.3.2}{\376\377\000C\000o\000r\000e\000\040\000I\000n\000v\000a\000r\000i\000a\000n\000t\000s}{section.3}% 114
\BOOKMARK [2][-]{subsection.3.3}{\376\377\000P\000a\000r\000t\000i\000c\000l\000e\000\040\000S\000t\000a\000t\000e}{section.3}% 115
\BOOKMARK [2][-]{subsection.3.4}{\376\377\000S\000o\000u\000r\000c\000e\000-\000O\000w\000n\000e\000d\000\040\000E\000x\000e\000c\000u\000t\000i\000o\000n}{section.3}% 116
\BOOKMARK [2][-]{subsection.3.5}{\376\377\000P\000h\000y\000s\000i\000c\000a\000l\000\040\000P\000a\000r\000t\000i\000c\000l\000e\000\040\000C\000o\000n\000t\000a\000c\000t}{section.3}% 117
\BOOKMARK [2][-]{subsection.3.6}{\376\377\000C\000o\000n\000t\000a\000c\000t\000\040\000F\000o\000r\000c\000e}{section.3}% 118
\BOOKMARK [2][-]{subsection.3.7}{\376\377\000P\000a\000r\000a\000m\000e\000t\000r\000i\000c\000\040\000W\000a\000l\000l\000\040\000T\000h\000e\000o\000r\000y}{section.3}% 119
\BOOKMARK [2][-]{subsection.3.8}{\376\377\000M\000o\000v\000i\000n\000g\000\040\000P\000i\000s\000t\000o\000n\000\040\000T\000h\000e\000o\000r\000y}{section.3}% 120
\BOOKMARK [2][-]{subsection.3.9}{\376\377\000V\000e\000l\000o\000c\000i\000t\000y\000\040\000a\000n\000d\000\040\000P\000o\000s\000i\000t\000i\000o\000n\000\040\000I\000n\000t\000e\000g\000r\000a\000t\000i\000o\000n}{section.3}% 121
\BOOKMARK [2][-]{subsection.3.10}{\376\377\000M\000a\000x\000i\000m\000u\000m\000\040\000P\000e\000n\000e\000t\000r\000a\000t\000i\000o\000n}{section.3}% 122
\BOOKMARK [2][-]{subsection.3.11}{\376\377\000T\000i\000m\000e\000s\000t\000e\000p\000\040\000R\000e\000s\000o\000l\000u\000t\000i\000o\000n\000\040\000a\000n\000d\000\040\000T\000u\000n\000n\000e\000l\000i\000n\000g}{section.3}% 123
\BOOKMARK [2][-]{subsection.3.12}{\376\377\000M\000o\000m\000e\000n\000t\000u\000m\000\040\000A\000c\000c\000o\000u\000n\000t\000i\000n\000g}{section.3}% 124
\BOOKMARK [3][-]{subsubsection.3.12.1}{\376\377\000T\000r\000a\000n\000s\000l\000a\000t\000i\000o\000n\000a\000l\000\040\000M\000o\000m\000e\000n\000t\000u\000m}{subsection.3.12}% 125
\BOOKMARK [3][-]{subsubsection.3.12.2}{\376\377\000C\000o\000n\000v\000e\000r\000t\000i\000b\000l\000e\000\040\000I\000n\000t\000e\000r\000n\000a\000l\000\040\000M\000o\000m\000e\000n\000t\000u\000m}{subsection.3.12}% 126
\BOOKMARK [3][-]{subsubsection.3.12.3}{\376\377\000E\000x\000t\000e\000r\000n\000a\000l\000\040\000M\000o\000m\000e\000n\000t\000u\000m}{subsection.3.12}% 127
\BOOKMARK [2][-]{subsection.3.13}{\376\377\000E\000n\000e\000r\000g\000y\000\040\000S\000c\000o\000p\000e}{section.3}% 128
\BOOKMARK [2][-]{subsection.3.14}{\376\377\000M\000u\000l\000t\000i\000-\000C\000o\000n\000t\000a\000c\000t\000\040\000O\000w\000n\000e\000r\000s\000h\000i\000p}{section.3}% 129
\BOOKMARK [2][-]{subsection.3.15}{\376\377\000L\000i\000f\000e\000c\000y\000c\000l\000e\000\040\000a\000n\000d\000\040\000D\000o\000m\000a\000i\000n\000\040\000R\000u\000l\000e\000s}{section.3}% 130
\BOOKMARK [2][-]{subsection.3.16}{\376\377\000P\000y\000t\000h\000o\000n\000\040\000a\000n\000d\000\040\000G\000L\000S\000L\000\040\000P\000a\000r\000i\000t\000y}{section.3}% 131
\BOOKMARK [2][-]{subsection.3.17}{\376\377\000D\000i\000a\000g\000n\000o\000s\000t\000i\000c\000s}{section.3}% 132
\BOOKMARK [2][-]{subsection.3.18}{\376\377\000C\000u\000r\000r\000e\000n\000t\000\040\000I\000m\000p\000l\000e\000m\000e\000n\000t\000a\000t\000i\000o\000n\000\040\000D\000e\000v\000i\000a\000t\000i\000o\000n\000s}{section.3}% 133
\BOOKMARK [2][-]{subsection.3.19}{\376\377\000O\000p\000e\000n\000\040\000M\000o\000d\000e\000l\000\040\000W\000o\000r\000k}{section.3}% 134
\BOOKMARK [1][-]{section.4}{\376\377\000F\000l\000o\000w\000\040\000D\000y\000n\000a\000m\000i\000c\000s\000\040\000C\000o\000n\000v\000e\000n\000t\000i\000o\000n\000s}{}% 135
\BOOKMARK [2][-]{subsection.4.1}{\376\377\000C\000u\000r\000r\000e\000n\000t\000\040\000S\000i\000m\000p\000l\000e\000-\000M\000o\000d\000e\000l\000\040\000D\000i\000r\000e\000c\000t\000i\000o\000n}{section.4}% 136
\BOOKMARK [2][-]{subsection.4.2}{\376\377\000F\000r\000e\000e\000S\000t\000r\000e\000a\000m\000\040\000S\000t\000r\000e\000a\000m\000i\000n\000g\000\040\000B\000r\000i\000n\000g\000-\000U\000p}{section.4}% 137
\BOOKMARK [2][-]{subsection.4.3}{\376\377\000L\000i\000g\000h\000t\000i\000n\000g\000\040\000R\000e\000l\000e\000a\000s\000e\000\040\000G\000e\000n\000e\000r\000a\000t\000o\000r}{section.4}% 138
\BOOKMARK [2][-]{subsection.4.4}{\376\377\000R\000e\000s\000e\000r\000v\000o\000i\000r\000\040\000G\000e\000n\000e\000r\000a\000t\000o\000r}{section.4}% 139
\BOOKMARK [2][-]{subsection.4.5}{\376\377\000R\000e\000s\000e\000r\000v\000o\000i\000r\000\040\000P\000a\000c\000k\000i\000n\000g}{section.4}% 140
\BOOKMARK [2][-]{subsection.4.6}{\376\377\000B\000o\000u\000n\000d\000a\000r\000y\000\040\000M\000a\000r\000k\000e\000r\000\040\000G\000e\000o\000m\000e\000t\000r\000y}{section.4}% 141
\BOOKMARK [2][-]{subsection.4.7}{\376\377\000C\000u\000r\000r\000e\000n\000t\000\040\000P\000i\000s\000t\000o\000n\000\040\000W\000o\000r\000k}{section.4}% 142
\BOOKMARK [1][-]{section.5}{\376\377\000P\000r\000o\000g\000r\000a\000m\000m\000i\000n\000g\000\040\000C\000o\000n\000v\000e\000n\000t\000i\000o\000n\000s}{}% 143
\BOOKMARK [2][-]{subsection.5.1}{\376\377\000C\000u\000r\000r\000e\000n\000t\000\040\000.\000v\000e\000n\000v\000\040\000e\000n\000v\000i\000r\000o\000n\000m\000e\000n\000t}{section.5}% 144
\BOOKMARK [2][-]{subsection.5.2}{\376\377\000P\000y\000t\000h\000o\000n\000\040\000V\000i\000e\000w\000e\000r\000\040\000C\000o\000l\000o\000r\000\040\000U\000t\000i\000l\000i\000t\000i\000e\000s}{section.5}% 145
\BOOKMARK [2][-]{subsection.5.3}{\376\377\000F\000l\000a\000t\000\040\000R\000u\000n\000t\000i\000m\000e\000\040\000C\000o\000n\000f\000i\000g\000u\000r\000a\000t\000i\000o\000n}{section.5}% 146
\BOOKMARK [2][-]{subsection.5.4}{\376\377\000S\000c\000e\000n\000a\000r\000i\000o\000-\000S\000p\000e\000c\000i\000f\000i\000c\000\040\000P\000y\000t\000h\000o\000n\000\040\000D\000r\000a\000w\000i\000n\000g}{section.5}% 147
\BOOKMARK [2][-]{subsection.5.5}{\376\377\000G\000L\000S\000L\000\040\000V\000i\000e\000w\000e\000r\000\040\000C\000o\000l\000o\000r\000\040\000U\000t\000i\000l\000i\000t\000i\000e\000s}{section.5}% 148
\BOOKMARK [1][-]{section.6}{\376\377\000D\000o\000c\000u\000m\000e\000n\000t\000\040\000C\000o\000n\000v\000e\000n\000t\000i\000o\000n\000s}{}% 149
\BOOKMARK [2][-]{subsection.6.1}{\376\377\000U\000p\000d\000a\000t\000e\000\040\000P\000r\000o\000j\000e\000c\000t}{section.6}% 150
\BOOKMARK [2][-]{subsection.6.2}{\376\377\000P\000r\000o\000b\000l\000e\000m\000\040\000E\000v\000o\000l\000u\000t\000i\000o\000n}{section.6}% 151
\BOOKMARK [2][-]{subsection.6.3}{\376\377\000g\000i\000t\000\040\000m\000e\000s\000s\000a\000g\000e}{section.6}% 152
\BOOKMARK [2][-]{subsection.6.4}{\376\377\000D\000o\000c\000u\000m\000e\000n\000t\000\040\000A\000u\000t\000h\000o\000r\000i\000t\000y}{section.6}% 153
\BOOKMARK [2][-]{subsection.6.5}{\376\377\000M\000o\000d\000e\000l\000\040\000D\000o\000c\000u\000m\000e\000n\000t\000s}{section.6}% 154
\BOOKMARK [2][-]{subsection.6.6}{\376\377\000R\000e\000t\000i\000r\000i\000n\000g\000\040\000D\000y\000n\000a\000m\000i\000c\000s}{section.6}% 155
\BOOKMARK [2][-]{subsection.6.7}{\376\377\000G\000e\000n\000e\000r\000a\000t\000e\000d\000\040\000S\000o\000u\000r\000c\000e\000\040\000F\000l\000o\000w\000c\000h\000a\000r\000t\000s}{section.6}% 156
\BOOKMARK [1][-]{section.7}{\376\377\000V\000u\000l\000k\000a\000n\000\040\000F\000o\000r\000c\000e\000\040\000D\000y\000n\000a\000m\000i\000c\000s\000\040\000S\000o\000u\000r\000c\000e\000\040\000F\000l\000o\000w}{}% 157
\BOOKMARK [2][-]{subsection.7.1}{\376\377\000P\000u\000r\000p\000o\000s\000e}{section.7}% 158
\BOOKMARK [2][-]{subsection.7.2}{\376\377\000S\000i\000m\000p\000l\000e\000\040\000W\000r\000a\000p\000p\000e\000r\000\040\000P\000l\000a\000c\000e\000h\000o\000l\000d\000e\000r}{section.7}% 159
\BOOKMARK [2][-]{subsection.7.3}{\376\377\000R\000e\000s\000e\000r\000v\000o\000i\000r\000\040\000P\000i\000s\000t\000o\000n\000\040\000P\000l\000a\000c\000e\000h\000o\000l\000d\000e\000r}{section.7}% 160
\BOOKMARK [2][-]{subsection.7.4}{\376\377\000S\000t\000r\000e\000a\000m\000i\000n\000g\000\040\000R\000e\000s\000e\000r\000v\000o\000i\000r\000:\000\040\000F\000r\000e\000e\000S\000t\000r\000e\000a\000m}{section.7}% 161
\BOOKMARK [3][-]{subsubsection.7.4.1}{\376\377\000F\000i\000l\000e\000s}{subsection.7.4}% 162
\BOOKMARK [3][-]{subsubsection.7.4.2}{\376\377\000S\000t\000r\000e\000a\000m\000i\000n\000g\000\040\000L\000i\000f\000e\000c\000y\000c\000l\000e}{subsection.7.4}% 163
\BOOKMARK [3][-]{subsubsection.7.4.3}{\376\377\000G\000r\000a\000p\000h\000i\000c\000s\000\040\000C\000e\000l\000l\000-\000L\000i\000s\000t\000\040\000S\000t\000a\000g\000e}{subsection.7.4}% 164
\BOOKMARK [3][-]{subsubsection.7.4.4}{\376\377\000C\000o\000m\000p\000u\000t\000e\000\040\000S\000o\000u\000r\000c\000e\000\040\000S\000t\000a\000g\000e}{subsection.7.4}% 165
\BOOKMARK [3][-]{subsubsection.7.4.5}{\376\377\000P\000e\000r\000f\000o\000r\000m\000a\000n\000c\000e\000-\000R\000e\000l\000e\000v\000a\000n\000t\000\040\000S\000t\000r\000u\000c\000t\000u\000r\000e}{subsection.7.4}% 166
\BOOKMARK [3][-]{subsubsection.7.4.6}{\376\377\000I\000n\000t\000e\000n\000d\000e\000d\000\040\000F\000r\000e\000e\000S\000t\000r\000e\000a\000m\000\040\000O\000p\000t\000i\000m\000i\000z\000a\000t\000i\000o\000n}{subsection.7.4}% 167
\BOOKMARK [3][-]{subsubsection.7.4.7}{\376\377\000C\000u\000r\000r\000e\000n\000t\000\040\000D\000i\000a\000g\000n\000o\000s\000t\000i\000c\000\040\000N\000o\000t\000e\000s}{subsection.7.4}% 168
\BOOKMARK [1][-]{section.8}{\376\377\000V\000e\000r\000A\000F\000o\000r\000c\000e\000D\000y\000n\000a\000m\000i\000c\000s\000\040\000S\000o\000u\000r\000c\000e\000\040\000F\000l\000o\000w}{}% 169
\BOOKMARK [2][-]{subsection.8.1}{\376\377\000V\000e\000r\000A\000F\000o\000r\000c\000e\000D\000y\000n\000a\000m\000i\000c\000s\000:\000C\000o\000l\000l\000i\000s\000i\000o\000n\000R\000u\000n}{section.8}% 170
\BOOKMARK [2][-]{subsection.8.2}{\376\377\000V\000e\000r\000A\000F\000o\000r\000c\000e\000D\000y\000n\000a\000m\000i\000c\000s\000:\000P\000r\000o\000c\000e\000s\000s\000P\000a\000r\000t\000i\000c\000l\000e\000C\000o\000l\000l\000i\000s\000i\000o\000n}{section.8}% 171
\BOOKMARK [2][-]{subsection.8.3}{\376\377\000V\000e\000r\000A\000F\000o\000r\000c\000e\000D\000y\000n\000a\000m\000i\000c\000s\000:\000P\000r\000o\000c\000e\000s\000s\000W\000a\000l\000l\000C\000o\000l\000l\000i\000s\000i\000o\000n}{section.8}% 172
\BOOKMARK [2][-]{subsection.8.4}{\376\377\000V\000e\000r\000A\000F\000o\000r\000c\000e\000D\000y\000n\000a\000m\000i\000c\000s\000:\000I\000n\000i\000t\000i\000a\000l\000i\000z\000e\000W\000a\000l\000l\000C\000o\000n\000t\000a\000c\000t\000S\000t\000a\000t\000e}{section.8}% 173
\BOOKMARK [2][-]{subsection.8.5}{\376\377\000V\000e\000r\000A\000F\000o\000r\000c\000e\000D\000y\000n\000a\000m\000i\000c\000s\000:\000I\000n\000i\000t\000i\000a\000l\000i\000z\000e\000C\000o\000n\000t\000a\000c\000t\000S\000t\000a\000t\000e}{section.8}% 174
\BOOKMARK [2][-]{subsection.8.6}{\376\377\000V\000e\000r\000A\000F\000o\000r\000c\000e\000D\000y\000n\000a\000m\000i\000c\000s\000:\000G\000e\000t\000C\000o\000n\000t\000a\000c\000t\000S\000t\000a\000t\000e}{section.8}% 175
\BOOKMARK [2][-]{subsection.8.7}{\376\377\000V\000e\000r\000A\000F\000o\000r\000c\000e\000D\000y\000n\000a\000m\000i\000c\000s\000:\000A\000p\000p\000e\000n\000d\000C\000o\000n\000t\000a\000c\000t\000S\000l\000o\000t}{section.8}% 176
\BOOKMARK [2][-]{subsection.8.8}{\376\377\000V\000e\000r\000A\000F\000o\000r\000c\000e\000D\000y\000n\000a\000m\000i\000c\000s\000:\000G\000e\000t\000C\000o\000n\000t\000a\000c\000t\000S\000l\000o\000t\000s}{section.8}% 177
\BOOKMARK [2][-]{subsection.8.9}{\376\377\000V\000e\000r\000A\000F\000o\000r\000c\000e\000D\000y\000n\000a\000m\000i\000c\000s\000:\000G\000e\000t\000P\000a\000r\000t\000i\000c\000l\000e\000G\000e\000o\000m\000e\000t\000r\000y}{section.8}% 178
\BOOKMARK [2][-]{subsection.8.10}{\376\377\000V\000e\000r\000A\000F\000o\000r\000c\000e\000D\000y\000n\000a\000m\000i\000c\000s\000:\000G\000e\000t\000P\000a\000r\000t\000i\000c\000l\000e\000P\000o\000s\000i\000t\000i\000o\000n}{section.8}% 179
\BOOKMARK [2][-]{subsection.8.11}{\376\377\000V\000e\000r\000A\000F\000o\000r\000c\000e\000D\000y\000n\000a\000m\000i\000c\000s\000:\000G\000e\000t\000S\000t\000a\000r\000t\000F\000r\000a\000m\000e\000V\000e\000l\000o\000c\000i\000t\000y}{section.8}% 180
\BOOKMARK [2][-]{subsection.8.12}{\376\377\000V\000e\000r\000A\000F\000o\000r\000c\000e\000D\000y\000n\000a\000m\000i\000c\000s\000:\000A\000c\000c\000u\000m\000u\000l\000a\000t\000e\000C\000o\000n\000t\000a\000c\000t\000F\000o\000r\000c\000e}{section.8}% 181
\BOOKMARK [2][-]{subsection.8.13}{\376\377\000V\000e\000r\000A\000F\000o\000r\000c\000e\000D\000y\000n\000a\000m\000i\000c\000s\000:\000G\000e\000t\000C\000o\000n\000t\000a\000c\000t\000S\000t\000i\000f\000f\000n\000e\000s\000s}{section.8}% 182
\BOOKMARK [2][-]{subsection.8.14}{\376\377\000V\000e\000r\000A\000F\000o\000r\000c\000e\000D\000y\000n\000a\000m\000i\000c\000s\000:\000G\000e\000t\000P\000a\000i\000r\000S\000t\000i\000f\000f\000n\000e\000s\000s}{section.8}% 183
\BOOKMARK [2][-]{subsection.8.15}{\376\377\000V\000e\000r\000A\000F\000o\000r\000c\000e\000D\000y\000n\000a\000m\000i\000c\000s\000:\000C\000a\000l\000c\000V\000e\000l\000o\000c\000i\000t\000y}{section.8}% 184
\BOOKMARK [2][-]{subsection.8.16}{\376\377\000V\000e\000r\000A\000F\000o\000r\000c\000e\000D\000y\000n\000a\000m\000i\000c\000s\000:\000G\000e\000t\000P\000a\000r\000t\000i\000c\000l\000e\000M\000a\000s\000s}{section.8}% 185
\BOOKMARK [2][-]{subsection.8.17}{\376\377\000V\000e\000r\000A\000F\000o\000r\000c\000e\000D\000y\000n\000a\000m\000i\000c\000s\000:\000C\000a\000l\000c\000P\000o\000s\000i\000t\000i\000o\000n}{section.8}% 186
\BOOKMARK [2][-]{subsection.8.18}{\376\377\000P\000o\000t\000e\000n\000t\000i\000a\000l\000\040\000E\000n\000e\000r\000g\000y\000\040\000a\000n\000d\000\040\000D\000i\000a\000g\000n\000o\000s\000t\000i\000c\000s}{section.8}% 187
\BOOKMARK [2][-]{subsection.8.19}{\376\377\000C\000u\000r\000r\000e\000n\000t\000\040\000N\000u\000m\000e\000r\000i\000c\000a\000l\000\040\000R\000e\000s\000u\000l\000t\000s}{section.8}% 188
\BOOKMARK [1][-]{section.9}{\376\377\000P\000y\000t\000h\000o\000n\000-\000g\000l\000s\000l\000\040\000E\000x\000p\000o\000r\000t\000\040\000R\000u\000l\000e\000s\000\040}{}% 189
\BOOKMARK [2][-]{subsection.9.1}{\376\377\000S\000o\000u\000r\000c\000e\000\040\000O\000f\000\040\000T\000r\000u\000t\000h}{section.9}% 190
\BOOKMARK [2][-]{subsection.9.2}{\376\377\000S\000t\000a\000b\000l\000e\000\040\000S\000h\000a\000d\000e\000r\000\040\000W\000r\000a\000p\000p\000e\000r}{section.9}% 191
\BOOKMARK [2][-]{subsection.9.3}{\376\377\000G\000e\000n\000e\000r\000a\000t\000e\000d\000\040\000F\000i\000l\000e\000s}{section.9}% 192
\BOOKMARK [2][-]{subsection.9.4}{\376\377\000P\000a\000r\000t\000i\000c\000l\000e\000\040\000A\000B\000I}{section.9}% 193
\BOOKMARK [2][-]{subsection.9.5}{\376\377\000P\000u\000s\000h\000-\000C\000o\000n\000s\000t\000a\000n\000t\000\040\000F\000r\000a\000m\000e\000\040\000C\000l\000o\000c\000k\000s}{section.9}% 194
\BOOKMARK [2][-]{subsection.9.6}{\376\377\000C\000o\000m\000p\000u\000t\000e\000\040\000A\000t\000o\000m\000i\000c\000s}{section.9}% 195
\BOOKMARK [2][-]{subsection.9.7}{\376\377\000G\000e\000n\000e\000r\000a\000t\000e\000d\000\040\000B\000o\000u\000n\000d\000a\000r\000y\000\040\000F\000i\000l\000e}{section.9}% 196
\BOOKMARK [2][-]{subsection.9.8}{\376\377\000P\000y\000t\000h\000o\000n\000-\000O\000n\000l\000y\000\040\000I\000n\000f\000r\000a\000s\000t\000r\000u\000c\000t\000u\000r\000e}{section.9}% 197
\BOOKMARK [2][-]{subsection.9.9}{\376\377\000R\000e\000n\000d\000e\000r\000i\000n\000g\000\040\000D\000i\000a\000g\000n\000o\000s\000t\000i\000c\000s}{section.9}% 198
\BOOKMARK [2][-]{subsection.9.10}{\376\377\000K\000n\000o\000w\000n\000\040\000T\000r\000a\000n\000s\000l\000a\000t\000i\000o\000n\000\040\000R\000u\000l\000e\000s}{section.9}% 199
\BOOKMARK [2][-]{subsection.9.11}{\376\377\000P\000o\000r\000t\000i\000n\000g\000\040\000I\000s\000s\000u\000e\000s\000\040\000F\000o\000u\000n\000d}{section.9}% 200
\BOOKMARK [2][-]{subsection.9.12}{\376\377\000p\000e\000r\000m\000a\000n\000e\000n\000t\000\040\000h\000o\000s\000t\000\040\000f\000o\000r\000m}{section.9}% 201
\BOOKMARK [2][-]{subsection.9.13}{\376\377\000R\000e\000q\000u\000i\000r\000e\000d\000\040\000F\000o\000r\000c\000e\000\040\000V\000a\000r\000i\000a\000b\000l\000e}{section.9}% 202
\BOOKMARK [2][-]{subsection.9.14}{\376\377\000n\000o\000\040\000s\000o\000u\000r\000c\000e\000-\000I\000D\000\040\000v\000a\000l\000i\000d\000i\000t\000y\000\040\000c\000h\000e\000c\000k}{section.9}% 203
\BOOKMARK [1][-]{section.10}{\376\377\000P\000y\000t\000h\000o\000n\000-\000g\000l\000s\000l\000\040\000E\000x\000p\000o\000r\000t\000\040\000P\000r\000o\000c\000e\000s\000s}{}% 204
\BOOKMARK [2][-]{subsection.10.1}{\376\377\000S\000t\000e\000p\000\040\0001\000:\000\040\000R\000e\000p\000o\000r\000t\000\040\000T\000h\000e\000\040\000E\000x\000p\000o\000r\000t\000\040\000S\000u\000r\000f\000a\000c\000e}{section.10}% 205
\BOOKMARK [2][-]{subsection.10.2}{\376\377\000S\000t\000e\000p\000\040\0002\000:\000\040\000G\000e\000n\000e\000r\000a\000t\000e\000\040\000T\000h\000e\000\040\000S\000i\000m\000p\000l\000e\000\040\000G\000L\000S\000L\000\040\000F\000a\000m\000i\000l\000y}{section.10}% 206
\BOOKMARK [2][-]{subsection.10.3}{\376\377\000H\000i\000s\000t\000o\000r\000i\000c\000a\000l\000\040\000E\000x\000p\000o\000r\000t\000e\000r}{section.10}% 207
\BOOKMARK [2][-]{subsection.10.4}{\376\377\000H\000i\000s\000t\000o\000r\000i\000c\000a\000l\000\040\000S\000t\000e\000p\000\040\0003\000:\000\040\000C\000l\000a\000s\000s\000i\000f\000y\000\040\000T\000r\000a\000n\000s\000l\000a\000t\000i\000o\000n\000\040\000S\000t\000a\000t\000u\000s}{section.10}% 208
\BOOKMARK [2][-]{subsection.10.5}{\376\377\000S\000t\000e\000p\000\040\0004\000:\000\040\000D\000e\000f\000i\000n\000e\000\040\000G\000e\000o\000m\000e\000t\000r\000y\000\040\000R\000e\000s\000u\000l\000t\000\040\000S\000t\000r\000u\000c\000t\000s}{section.10}% 209
\BOOKMARK [2][-]{subsection.10.6}{\376\377\000S\000t\000e\000p\000\040\0005\000A\000:\000\040\000G\000e\000n\000e\000r\000a\000t\000e\000\040\000D\000i\000r\000e\000c\000t\000\040\000R\000e\000a\000d\000-\000O\000n\000l\000y\000\040\000A\000n\000d\000\040\000M\000a\000t\000h\000\040\000B\000o\000d\000i\000e\000s}{section.10}% 210
\BOOKMARK [2][-]{subsection.10.7}{\376\377\000S\000t\000e\000p\000\040\0005\000B\000:\000\040\000G\000e\000n\000e\000r\000a\000t\000e\000\040\000I\000n\000t\000e\000g\000r\000a\000t\000i\000o\000n\000\040\000W\000r\000i\000t\000e\000\040\000B\000o\000d\000i\000e\000s}{section.10}% 211
\BOOKMARK [2][-]{subsection.10.8}{\376\377\000S\000t\000e\000p\000\040\0006\000:\000\040\000G\000e\000n\000e\000r\000a\000t\000e\000\040\000O\000r\000d\000i\000n\000a\000r\000y\000\040\000P\000a\000r\000t\000i\000c\000l\000e\000\040\000G\000e\000o\000m\000e\000t\000r\000y}{section.10}% 212
\BOOKMARK [2][-]{subsection.10.9}{\376\377\000S\000t\000e\000p\000\040\0007\000:\000\040\000G\000e\000n\000e\000r\000a\000t\000e\000\040\000O\000r\000d\000i\000n\000a\000r\000y\000\040\0002\000D\000\040\000W\000a\000l\000l\000\040\000G\000e\000o\000m\000e\000t\000r\000y}{section.10}% 213
\BOOKMARK [2][-]{subsection.10.10}{\376\377\000S\000t\000e\000p\000\040\0008\000:\000\040\000G\000e\000n\000e\000r\000a\000t\000e\000\040\000B\000o\000u\000n\000d\000a\000r\000y\000-\000P\000a\000r\000t\000i\000c\000l\000e\000\040\000W\000a\000l\000l\000\040\000H\000e\000l\000p\000e\000r\000s}{section.10}% 214
\BOOKMARK [2][-]{subsection.10.11}{\376\377\000S\000t\000e\000p\000\040\0009\000:\000\040\000U\000s\000e\000\040\000T\000r\000a\000n\000s\000i\000e\000n\000t\000\040\000C\000o\000n\000t\000a\000c\000t\000\040\000F\000o\000r\000c\000e\000\040\000I\000n\000p\000u\000t}{section.10}% 215
\BOOKMARK [2][-]{subsection.10.12}{\376\377\000S\000t\000e\000p\000\040\0001\0000\000:\000\040\000G\000e\000n\000e\000r\000a\000t\000e\000\040\000C\000o\000l\000l\000i\000s\000i\000o\000n\000\040\000P\000r\000o\000c\000e\000s\000s\000o\000r\000s}{section.10}% 216
\BOOKMARK [2][-]{subsection.10.13}{\376\377\000S\000t\000e\000p\000\040\0001\0001\000:\000\040\000G\000e\000n\000e\000r\000a\000t\000e\000\040\000F\000o\000r\000c\000e\000D\000y\000n\000a\000m\000i\000c\000s\000S\000i\000m\000p\000l\000e\000\040\000C\000o\000n\000s\000t\000a\000n\000t\000s}{section.10}% 217
\BOOKMARK [2][-]{subsection.10.14}{\376\377\000S\000t\000e\000p\000\040\0001\0002\000:\000\040\000E\000x\000p\000o\000r\000t\000\040\000W\000a\000l\000l\000\040\000C\000o\000n\000t\000a\000c\000t\000\040\000C\000o\000n\000f\000i\000g\000u\000r\000a\000t\000i\000o\000n}{section.10}% 218
\BOOKMARK [2][-]{subsection.10.15}{\376\377\000S\000t\000e\000p\000\040\0001\0003\000:\000\040\000W\000r\000a\000p\000p\000e\000r\000-\000O\000w\000n\000e\000d\000\040\000W\000a\000l\000l\000\040\000M\000o\000d\000e\000l\000\040\000S\000e\000l\000e\000c\000t\000i\000o\000n}{section.10}% 219
\BOOKMARK [2][-]{subsection.10.16}{\376\377\000S\000t\000e\000p\000\040\0001\0004\000:\000\040\000M\000a\000t\000c\000h\000\040\000E\000r\000r\000o\000r\000\040\000R\000e\000p\000o\000r\000t\000i\000n\000g\000\040\000T\000o\000\040\000T\000h\000e\000\040\000A\000c\000t\000i\000v\000e\000\040\000A\000t\000o\000m\000i\000c\000\040\000I\000n\000c\000l\000u\000d\000e}{section.10}% 220
\BOOKMARK [2][-]{subsection.10.17}{\376\377\000S\000t\000e\000p\000\040\0001\0005\000:\000\040\000C\000o\000m\000p\000i\000l\000e\000\040\000T\000r\000i\000a\000l}{section.10}% 221
\BOOKMARK [2][-]{subsection.10.18}{\376\377\000H\000i\000s\000t\000o\000r\000i\000c\000a\000l\000\040\000S\000t\000e\000p\000\040\0001\0005\000A\000:\000\040\000R\000e\000t\000i\000r\000e\000d\000\040\000R\000e\000s\000e\000r\000v\000o\000i\000r\000\040\000L\000i\000f\000e\000c\000y\000c\000l\000e\000\040\000H\000e\000l\000p\000e\000r\000s}{section.10}% 222
\BOOKMARK [2][-]{subsection.10.19}{\376\377\000S\000t\000e\000p\000\040\0001\0006\000:\000\040\000V\000u\000l\000k\000a\000n\000\040\000R\000u\000n\000t\000i\000m\000e\000\040\000V\000a\000l\000i\000d\000a\000t\000i\000o\000n}{section.10}% 223
\BOOKMARK [2][-]{subsection.10.20}{\376\377\000S\000t\000e\000p\000\040\0001\0006\000A\000:\000\040\000P\000e\000r\000m\000a\000n\000e\000n\000t\000\040\000D\000e\000a\000t\000h\000\040\000S\000t\000a\000t\000e}{section.10}% 224
\BOOKMARK [2][-]{subsection.10.21}{\376\377\000S\000t\000e\000p\000\040\0001\0007\000:\000\040\000B\000o\000u\000n\000d\000a\000r\000y\000\040\000O\000B\000J\000\040\000V\000i\000s\000u\000a\000l\000i\000z\000a\000t\000i\000o\000n}{section.10}% 225
\BOOKMARK [1][-]{section.11}{\376\377\000P\000r\000o\000b\000l\000e\000m\000\040\000E\000v\000o\000l\000u\000t\000i\000o\000n}{}% 226
\BOOKMARK [2][-]{subsection.11.1}{\376\377\000S\000o\000u\000r\000c\000e\000-\000L\000o\000c\000a\000l\000\040\000A\000r\000e\000a\000\040\000W\000e\000i\000g\000h\000t\000i\000n\000g\000\040\000B\000r\000e\000a\000k\000s\000\040\000C\000o\000n\000s\000e\000r\000v\000a\000t\000i\000o\000n}{section.11}% 227
\BOOKMARK [3][-]{subsubsection.11.1.1}{\376\377\000<\000p\000r\000e\000v\000i\000o\000u\000s\000\040\000f\000o\000r\000m\000>}{subsection.11.1}% 228
\BOOKMARK [3][-]{subsubsection.11.1.2}{\376\377\000<\000c\000u\000r\000r\000e\000n\000t\000\040\000f\000o\000r\000m\000>}{subsection.11.1}% 229
\BOOKMARK [3][-]{subsubsection.11.1.3}{\376\377\000d\000i\000f\000f\000e\000r\000e\000n\000c\000e\000\040\000o\000u\000t\000c\000o\000m\000e}{subsection.11.1}% 230
\BOOKMARK [3][-]{subsubsection.11.1.4}{\376\377\000<\000A\000n\000a\000l\000y\000s\000i\000s\000>}{subsection.11.1}% 231
\BOOKMARK [2][-]{subsection.11.2}{\376\377\000O\000v\000e\000r\000l\000a\000p\000\040\000A\000r\000e\000a\000\040\000a\000s\000\040\000a\000\040\000C\000e\000n\000t\000r\000a\000l\000\040\000F\000o\000r\000c\000e\000\040\000F\000i\000e\000l\000d}{section.11}% 232
\BOOKMARK [3][-]{subsubsection.11.2.1}{\376\377\000<\000p\000r\000e\000v\000i\000o\000u\000s\000\040\000f\000o\000r\000m\000>}{subsection.11.2}% 233
\BOOKMARK [3][-]{subsubsection.11.2.2}{\376\377\000<\000c\000u\000r\000r\000e\000n\000t\000\040\000f\000o\000r\000m\000>}{subsection.11.2}% 234
\BOOKMARK [3][-]{subsubsection.11.2.3}{\376\377\000d\000i\000f\000f\000e\000r\000e\000n\000c\000e\000\040\000o\000u\000t\000c\000o\000m\000e}{subsection.11.2}% 235
\BOOKMARK [3][-]{subsubsection.11.2.4}{\376\377\000<\000A\000n\000a\000l\000y\000s\000i\000s\000>}{subsection.11.2}% 236
\BOOKMARK [2][-]{subsection.11.3}{\376\377\000S\000t\000a\000t\000i\000s\000t\000i\000c\000a\000l\000\040\000E\000n\000e\000r\000g\000y\000\040\000V\000a\000l\000i\000d\000a\000t\000i\000o\000n\000\040\000R\000e\000q\000u\000i\000r\000e\000s\000\040\000W\000a\000l\000l\000s}{section.11}% 237
\BOOKMARK [3][-]{subsubsection.11.3.1}{\376\377\000<\000p\000r\000e\000v\000i\000o\000u\000s\000\040\000f\000o\000r\000m\000>}{subsection.11.3}% 238
\BOOKMARK [3][-]{subsubsection.11.3.2}{\376\377\000<\000c\000u\000r\000r\000e\000n\000t\000\040\000f\000o\000r\000m\000>}{subsection.11.3}% 239
\BOOKMARK [3][-]{subsubsection.11.3.3}{\376\377\000d\000i\000f\000f\000e\000r\000e\000n\000c\000e\000\040\000o\000u\000t\000c\000o\000m\000e}{subsection.11.3}% 240
\BOOKMARK [3][-]{subsubsection.11.3.4}{\376\377\000<\000A\000n\000a\000l\000y\000s\000i\000s\000>}{subsection.11.3}% 241
\BOOKMARK [2][-]{subsection.11.4}{\376\377\000R\000e\000t\000u\000r\000n\000\040\000F\000o\000r\000c\000e\000D\000y\000n\000a\000m\000i\000c\000s\000\040\000t\000o\000\040\000O\000n\000e\000\040\000S\000o\000u\000r\000c\000e\000\040\000I\000n\000v\000o\000c\000a\000t\000i\000o\000n}{section.11}% 242
\BOOKMARK [3][-]{subsubsection.11.4.1}{\376\377\000<\000p\000r\000e\000v\000i\000o\000u\000s\000\040\000f\000o\000r\000m\000>}{subsection.11.4}% 243
\BOOKMARK [3][-]{subsubsection.11.4.2}{\376\377\000<\000c\000u\000r\000r\000e\000n\000t\000\040\000f\000o\000r\000m\000>}{subsection.11.4}% 244
\BOOKMARK [3][-]{subsubsection.11.4.3}{\376\377\000d\000i\000f\000f\000e\000r\000e\000n\000c\000e\000\040\000o\000u\000t\000c\000o\000m\000e}{subsection.11.4}% 245
\BOOKMARK [3][-]{subsubsection.11.4.4}{\376\377\000<\000A\000n\000a\000l\000y\000s\000i\000s\000>}{subsection.11.4}% 246
\BOOKMARK [2][-]{subsection.11.5}{\376\377\000F\000o\000r\000c\000e\000D\000y\000n\000a\000m\000i\000c\000s\000\040\000G\000L\000S\000L\000\040\000E\000x\000p\000o\000r\000t\000\040\000R\000e\000a\000c\000h\000e\000s\000\040\000V\000u\000l\000k\000a\000n\000\040\000R\000u\000n\000t\000i\000m\000e}{section.11}% 247
\BOOKMARK [3][-]{subsubsection.11.5.1}{\376\377\000<\000p\000r\000e\000v\000i\000o\000u\000s\000\040\000f\000o\000r\000m\000>}{subsection.11.5}% 248
\BOOKMARK [3][-]{subsubsection.11.5.2}{\376\377\000<\000c\000u\000r\000r\000e\000n\000t\000\040\000f\000o\000r\000m\000>}{subsection.11.5}% 249
\BOOKMARK [3][-]{subsubsection.11.5.3}{\376\377\000d\000i\000f\000f\000e\000r\000e\000n\000c\000e\000\040\000o\000u\000t\000c\000o\000m\000e}{subsection.11.5}% 250
\BOOKMARK [3][-]{subsubsection.11.5.4}{\376\377\000<\000A\000n\000a\000l\000y\000s\000i\000s\000>}{subsection.11.5}% 251
\BOOKMARK [2][-]{subsection.11.6}{\376\377\000R\000e\000t\000i\000r\000e\000\040\000M\000o\000m\000e\000n\000t\000u\000m\000D\000y\000n\000a\000m\000i\000c\000s}{section.11}% 252
\BOOKMARK [3][-]{subsubsection.11.6.1}{\376\377\000<\000p\000r\000e\000v\000i\000o\000u\000s\000\040\000f\000o\000r\000m\000>}{subsection.11.6}% 253
\BOOKMARK [3][-]{subsubsection.11.6.2}{\376\377\000<\000c\000u\000r\000r\000e\000n\000t\000\040\000f\000o\000r\000m\000>}{subsection.11.6}% 254
\BOOKMARK [3][-]{subsubsection.11.6.3}{\376\377\000d\000i\000f\000f\000e\000r\000e\000n\000c\000e\000\040\000o\000u\000t\000c\000o\000m\000e}{subsection.11.6}% 255
\BOOKMARK [3][-]{subsubsection.11.6.4}{\376\377\000<\000A\000n\000a\000l\000y\000s\000i\000s\000>}{subsection.11.6}% 256
\BOOKMARK [2][-]{subsection.11.7}{\376\377\000R\000e\000s\000o\000l\000v\000e\000\040\000S\000t\000a\000r\000t\000i\000n\000g\000\040\000O\000v\000e\000r\000l\000a\000p\000\040\000W\000i\000t\000h\000o\000u\000t\000\040\000E\000x\000t\000r\000a\000\040\000R\000e\000b\000o\000u\000n\000d}{section.11}% 257
\BOOKMARK [3][-]{subsubsection.11.7.1}{\376\377\000<\000p\000r\000e\000v\000i\000o\000u\000s\000\040\000f\000o\000r\000m\000>}{subsection.11.7}% 258
\BOOKMARK [3][-]{subsubsection.11.7.2}{\376\377\000<\000c\000u\000r\000r\000e\000n\000t\000\040\000f\000o\000r\000m\000>}{subsection.11.7}% 259
\BOOKMARK [3][-]{subsubsection.11.7.3}{\376\377\000d\000i\000f\000f\000e\000r\000e\000n\000c\000e\000\040\000o\000u\000t\000c\000o\000m\000e}{subsection.11.7}% 260
\BOOKMARK [3][-]{subsubsection.11.7.4}{\376\377\000<\000A\000n\000a\000l\000y\000s\000i\000s\000>}{subsection.11.7}% 261
\BOOKMARK [2][-]{subsection.11.8}{\376\377\000R\000e\000s\000e\000r\000v\000o\000i\000r\000\040\000F\000l\000o\000w\000\040\000U\000s\000e\000s\000\040\000D\000a\000t\000a\000.\000w\000\040\000L\000i\000f\000e\000c\000y\000c\000l\000e}{section.11}% 262
\BOOKMARK [3][-]{subsubsection.11.8.1}{\376\377\000<\000p\000r\000e\000v\000i\000o\000u\000s\000\040\000f\000o\000r\000m\000>}{subsection.11.8}% 263
\BOOKMARK [3][-]{subsubsection.11.8.2}{\376\377\000<\000c\000u\000r\000r\000e\000n\000t\000\040\000f\000o\000r\000m\000>}{subsection.11.8}% 264
\BOOKMARK [3][-]{subsubsection.11.8.3}{\376\377\000d\000i\000f\000f\000e\000r\000e\000n\000c\000e\000\040\000o\000u\000t\000c\000o\000m\000e}{subsection.11.8}% 265
\BOOKMARK [3][-]{subsubsection.11.8.4}{\376\377\000<\000A\000n\000a\000l\000y\000s\000i\000s\000>}{subsection.11.8}% 266
\BOOKMARK [2][-]{subsection.11.9}{\376\377\000S\000i\000m\000p\000l\000e\000R\000e\000s\000e\000r\000v\000o\000i\000r\000P\000e\000r\000i\000o\000d\000i\000c\000\040\000V\000e\000r\000t\000e\000x\000\040\000L\000i\000f\000e\000c\000y\000c\000l\000e\000\040\000O\000u\000t\000p\000u\000t}{section.11}% 267
\BOOKMARK [3][-]{subsubsection.11.9.1}{\376\377\000<\000p\000r\000e\000v\000i\000o\000u\000s\000\040\000f\000o\000r\000m\000>}{subsection.11.9}% 268
\BOOKMARK [3][-]{subsubsection.11.9.2}{\376\377\000<\000c\000u\000r\000r\000e\000n\000t\000\040\000f\000o\000r\000m\000>}{subsection.11.9}% 269
\BOOKMARK [3][-]{subsubsection.11.9.3}{\376\377\000d\000i\000f\000f\000e\000r\000e\000n\000c\000e\000\040\000o\000u\000t\000c\000o\000m\000e}{subsection.11.9}% 270
\BOOKMARK [3][-]{subsubsection.11.9.4}{\376\377\000<\000A\000n\000a\000l\000y\000s\000i\000s\000>}{subsection.11.9}% 271
\BOOKMARK [2][-]{subsection.11.10}{\376\377\000V\000e\000l\000o\000c\000i\000t\000y\000-\000A\000n\000g\000l\000e\000\040\000H\000S\000V\000\040\000P\000y\000t\000h\000o\000n\000\040\000V\000i\000s\000u\000a\000l\000i\000z\000a\000t\000i\000o\000n}{section.11}% 272
\BOOKMARK [3][-]{subsubsection.11.10.1}{\376\377\000<\000p\000r\000e\000v\000i\000o\000u\000s\000\040\000f\000o\000r\000m\000>}{subsection.11.10}% 273
\BOOKMARK [3][-]{subsubsection.11.10.2}{\376\377\000<\000c\000u\000r\000r\000e\000n\000t\000\040\000f\000o\000r\000m\000>}{subsection.11.10}% 274
\BOOKMARK [3][-]{subsubsection.11.10.3}{\376\377\000d\000i\000f\000f\000e\000r\000e\000n\000c\000e\000\040\000o\000u\000t\000c\000o\000m\000e}{subsection.11.10}% 275
\BOOKMARK [3][-]{subsubsection.11.10.4}{\376\377\000<\000A\000n\000a\000l\000y\000s\000i\000s\000>}{subsection.11.10}% 276
\BOOKMARK [2][-]{subsection.11.11}{\376\377\000B\000o\000u\000n\000d\000a\000r\000y\000S\000p\000h\000e\000r\000e\000s\000A\000n\000d\000C\000u\000b\000e\000\040\000V\000u\000l\000k\000a\000n\000\040\000V\000i\000s\000u\000a\000l\000i\000z\000a\000t\000i\000o\000n\000\040\000P\000a\000r\000i\000t\000y}{section.11}% 277
\BOOKMARK [3][-]{subsubsection.11.11.1}{\376\377\000<\000p\000r\000e\000v\000i\000o\000u\000s\000\040\000f\000o\000r\000m\000>}{subsection.11.11}% 278
\BOOKMARK [3][-]{subsubsection.11.11.2}{\376\377\000<\000c\000u\000r\000r\000e\000n\000t\000\040\000f\000o\000r\000m\000>}{subsection.11.11}% 279
\BOOKMARK [3][-]{subsubsection.11.11.3}{\376\377\000d\000i\000f\000f\000e\000r\000e\000n\000c\000e\000\040\000o\000u\000t\000c\000o\000m\000e}{subsection.11.11}% 280
\BOOKMARK [3][-]{subsubsection.11.11.4}{\376\377\000<\000A\000n\000a\000l\000y\000s\000i\000s\000>}{subsection.11.11}% 281
\BOOKMARK [2][-]{subsection.11.12}{\376\377\000C\000r\000o\000w\000d\000i\000n\000g\000\040\000R\000e\000q\000u\000i\000r\000e\000s\000\040\000I\000n\000t\000e\000r\000n\000a\000l\000\040\000M\000o\000m\000e\000n\000t\000u\000m\000,\000\040\000N\000o\000t\000\040\000E\000n\000e\000r\000g\000y\000\040\000R\000e\000p\000a\000i\000r}{section.11}% 282
\BOOKMARK [3][-]{subsubsection.11.12.1}{\376\377\000<\000p\000r\000e\000v\000i\000o\000u\000s\000\040\000f\000o\000r\000m\000>}{subsection.11.12}% 283
\BOOKMARK [3][-]{subsubsection.11.12.2}{\376\377\000<\000c\000u\000r\000r\000e\000n\000t\000\040\000f\000o\000r\000m\000>}{subsection.11.12}% 284
\BOOKMARK [3][-]{subsubsection.11.12.3}{\376\377\000d\000i\000f\000f\000e\000r\000e\000n\000c\000e\000\040\000o\000u\000t\000c\000o\000m\000e}{subsection.11.12}% 285
\BOOKMARK [3][-]{subsubsection.11.12.4}{\376\377\000<\000A\000n\000a\000l\000y\000s\000i\000s\000>}{subsection.11.12}% 286
\BOOKMARK [2][-]{subsection.11.13}{\376\377\000G\000L\000S\000L\000\040\000W\000a\000l\000l\000\040\000M\000o\000d\000e\000l\000s\000\040\000A\000n\000d\000\040\000B\000o\000u\000n\000d\000a\000r\000y\000-\000P\000a\000r\000t\000i\000c\000l\000e\000\040\000E\000x\000p\000o\000r\000t}{section.11}% 287
\BOOKMARK [3][-]{subsubsection.11.13.1}{\376\377\000<\000p\000r\000e\000v\000i\000o\000u\000s\000\040\000f\000o\000r\000m\000>}{subsection.11.13}% 288
\BOOKMARK [3][-]{subsubsection.11.13.2}{\376\377\000<\000c\000u\000r\000r\000e\000n\000t\000\040\000f\000o\000r\000m\000>}{subsection.11.13}% 289
\BOOKMARK [3][-]{subsubsection.11.13.3}{\376\377\000d\000i\000f\000f\000e\000r\000e\000n\000c\000e\000\040\000o\000u\000t\000c\000o\000m\000e}{subsection.11.13}% 290
\BOOKMARK [3][-]{subsubsection.11.13.4}{\376\377\000<\000A\000n\000a\000l\000y\000s\000i\000s\000>}{subsection.11.13}% 291
\BOOKMARK [2][-]{subsection.11.14}{\376\377\000V\000e\000r\000t\000i\000c\000a\000l\000\040\000B\000o\000u\000n\000d\000a\000r\000y\000-\000P\000a\000r\000t\000i\000c\000l\000e\000\040\000R\000e\000s\000e\000r\000v\000o\000i\000r\000\040\000F\000l\000o\000w\000\040\000I\000n\000\040\000V\000u\000l\000k\000a\000n}{section.11}% 292
\BOOKMARK [3][-]{subsubsection.11.14.1}{\376\377\000<\000p\000r\000e\000v\000i\000o\000u\000s\000\040\000f\000o\000r\000m\000>}{subsection.11.14}% 293
\BOOKMARK [3][-]{subsubsection.11.14.2}{\376\377\000<\000c\000u\000r\000r\000e\000n\000t\000\040\000f\000o\000r\000m\000\040\000a\000t\000\040\000t\000h\000a\000t\000\040\000s\000t\000a\000g\000e\000>}{subsection.11.14}% 294
\BOOKMARK [3][-]{subsubsection.11.14.3}{\376\377\000d\000i\000f\000f\000e\000r\000e\000n\000c\000e\000\040\000o\000u\000t\000c\000o\000m\000e}{subsection.11.14}% 295
\BOOKMARK [3][-]{subsubsection.11.14.4}{\376\377\000<\000A\000n\000a\000l\000y\000s\000i\000s\000>}{subsection.11.14}% 296
\BOOKMARK [2][-]{subsection.11.15}{\376\377\000D\000e\000p\000t\000h\000\040\000D\000e\000f\000a\000u\000l\000t\000\040\000F\000o\000r\000\040\000C\000o\000n\000t\000a\000c\000t\000\040\000F\000o\000r\000c\000e\000\040\000M\000e\000a\000s\000u\000r\000e}{section.11}% 297
\BOOKMARK [3][-]{subsubsection.11.15.1}{\376\377\000<\000p\000r\000e\000v\000i\000o\000u\000s\000\040\000f\000o\000r\000m\000>}{subsection.11.15}% 298
\BOOKMARK [3][-]{subsubsection.11.15.2}{\376\377\000<\000c\000u\000r\000r\000e\000n\000t\000\040\000f\000o\000r\000m\000>}{subsection.11.15}% 299
\BOOKMARK [3][-]{subsubsection.11.15.3}{\376\377\000d\000i\000f\000f\000e\000r\000e\000n\000c\000e\000\040\000o\000u\000t\000c\000o\000m\000e}{subsection.11.15}% 300
\BOOKMARK [3][-]{subsubsection.11.15.4}{\376\377\000<\000A\000n\000a\000l\000y\000s\000i\000s\000>}{subsection.11.15}% 301
\BOOKMARK [2][-]{subsection.11.16}{\376\377\000B\000o\000u\000n\000d\000a\000r\000y\000-\000P\000a\000r\000t\000i\000c\000l\000e\000\040\000R\000e\000s\000e\000r\000v\000o\000i\000r\000\040\000C\000e\000l\000l\000-\000G\000u\000a\000r\000d\000\040\000M\000a\000r\000g\000i\000n}{section.11}% 302
\BOOKMARK [3][-]{subsubsection.11.16.1}{\376\377\000<\000p\000r\000e\000v\000i\000o\000u\000s\000\040\000f\000o\000r\000m\000>}{subsection.11.16}% 303
\BOOKMARK [3][-]{subsubsection.11.16.2}{\376\377\000<\000c\000u\000r\000r\000e\000n\000t\000\040\000f\000o\000r\000m\000>}{subsection.11.16}% 304
\BOOKMARK [3][-]{subsubsection.11.16.3}{\376\377\000d\000i\000f\000f\000e\000r\000e\000n\000c\000e\000\040\000o\000u\000t\000c\000o\000m\000e}{subsection.11.16}% 305
\BOOKMARK [3][-]{subsubsection.11.16.4}{\376\377\000<\000A\000n\000a\000l\000y\000s\000i\000s\000>}{subsection.11.16}% 306
\BOOKMARK [2][-]{subsection.11.17}{\376\377\000C\000D\000\040\000N\000o\000z\000z\000l\000e\000\040\000R\000e\000s\000e\000r\000v\000o\000i\000r\000\040\000G\000e\000n\000e\000r\000a\000t\000o\000r}{section.11}% 307
\BOOKMARK [3][-]{subsubsection.11.17.1}{\376\377\000<\000p\000r\000e\000v\000i\000o\000u\000s\000\040\000f\000o\000r\000m\000>}{subsection.11.17}% 308
\BOOKMARK [3][-]{subsubsection.11.17.2}{\376\377\000<\000c\000u\000r\000r\000e\000n\000t\000\040\000f\000o\000r\000m\000>}{subsection.11.17}% 309
\BOOKMARK [3][-]{subsubsection.11.17.3}{\376\377\000d\000i\000f\000f\000e\000r\000e\000n\000c\000e\000\040\000o\000u\000t\000c\000o\000m\000e}{subsection.11.17}% 310
\BOOKMARK [3][-]{subsubsection.11.17.4}{\376\377\000<\000A\000n\000a\000l\000y\000s\000i\000s\000>}{subsection.11.17}% 311
\BOOKMARK [2][-]{subsection.11.18}{\376\377\000R\000e\000s\000e\000r\000v\000o\000i\000r\000\040\000B\000i\000r\000t\000h\000\040\000A\000d\000m\000i\000s\000s\000i\000o\000n\000\040\000M\000u\000s\000t\000\040\000R\000e\000j\000e\000c\000t\000\040\000S\000t\000a\000r\000t\000i\000n\000g\000\040\000O\000v\000e\000r\000l\000a\000p}{section.11}% 312
\BOOKMARK [3][-]{subsubsection.11.18.1}{\376\377\000<\000p\000r\000e\000v\000i\000o\000u\000s\000\040\000f\000o\000r\000m\000>}{subsection.11.18}% 313
\BOOKMARK [3][-]{subsubsection.11.18.2}{\376\377\000<\000c\000u\000r\000r\000e\000n\000t\000\040\000f\000o\000r\000m\000>}{subsection.11.18}% 314
\BOOKMARK [3][-]{subsubsection.11.18.3}{\376\377\000d\000i\000f\000f\000e\000r\000e\000n\000c\000e\000\040\000o\000u\000t\000c\000o\000m\000e}{subsection.11.18}% 315
\BOOKMARK [3][-]{subsubsection.11.18.4}{\376\377\000<\000A\000n\000a\000l\000y\000s\000i\000s\000>}{subsection.11.18}% 316
\BOOKMARK [2][-]{subsection.11.19}{\376\377\000B\000o\000u\000n\000d\000a\000r\000y\000\040\000M\000a\000r\000k\000e\000r\000\040\000C\000o\000n\000f\000i\000g\000u\000r\000a\000t\000i\000o\000n\000\040\000B\000e\000c\000o\000m\000e\000s\000\040\000S\000e\000l\000f\000-\000C\000h\000e\000c\000k\000i\000n\000g}{section.11}% 317
\BOOKMARK [3][-]{subsubsection.11.19.1}{\376\377\000<\000p\000r\000e\000v\000i\000o\000u\000s\000\040\000f\000o\000r\000m\000>}{subsection.11.19}% 318
\BOOKMARK [3][-]{subsubsection.11.19.2}{\376\377\000<\000c\000u\000r\000r\000e\000n\000t\000\040\000f\000o\000r\000m\000>}{subsection.11.19}% 319
\BOOKMARK [3][-]{subsubsection.11.19.3}{\376\377\000d\000i\000f\000f\000e\000r\000e\000n\000c\000e\000\040\000o\000u\000t\000c\000o\000m\000e}{subsection.11.19}% 320
\BOOKMARK [3][-]{subsubsection.11.19.4}{\376\377\000<\000A\000n\000a\000l\000y\000s\000i\000s\000>}{subsection.11.19}% 321
\BOOKMARK [2][-]{subsection.11.20}{\376\377\000B\000o\000u\000n\000d\000a\000r\000y\000\040\000M\000a\000r\000k\000e\000r\000\040\000D\000i\000s\000p\000a\000t\000c\000h\000\040\000A\000n\000d\000\040\000C\000l\000o\000s\000e\000d\000\040\000N\000o\000z\000z\000l\000e\000\040\000I\000n\000l\000e\000t}{section.11}% 322
\BOOKMARK [3][-]{subsubsection.11.20.1}{\376\377\000<\000p\000r\000e\000v\000i\000o\000u\000s\000\040\000f\000o\000r\000m\000>}{subsection.11.20}% 323
\BOOKMARK [3][-]{subsubsection.11.20.2}{\376\377\000<\000c\000u\000r\000r\000e\000n\000t\000\040\000f\000o\000r\000m\000>}{subsection.11.20}% 324
\BOOKMARK [3][-]{subsubsection.11.20.3}{\376\377\000d\000i\000f\000f\000e\000r\000e\000n\000c\000e\000\040\000o\000u\000t\000c\000o\000m\000e}{subsection.11.20}% 325
\BOOKMARK [3][-]{subsubsection.11.20.4}{\376\377\000<\000A\000n\000a\000l\000y\000s\000i\000s\000>}{subsection.11.20}% 326
\BOOKMARK [2][-]{subsection.11.21}{\376\377\000A\000d\000j\000a\000c\000e\000n\000t\000\040\000M\000a\000r\000k\000e\000r\000s\000\040\000C\000a\000n\000\040\000R\000e\000p\000r\000e\000s\000e\000n\000t\000\040\000O\000n\000e\000\040\000P\000h\000y\000s\000i\000c\000a\000l\000\040\000W\000a\000l\000l}{section.11}% 327
\BOOKMARK [3][-]{subsubsection.11.21.1}{\376\377\000<\000p\000r\000e\000v\000i\000o\000u\000s\000\040\000f\000o\000r\000m\000>}{subsection.11.21}% 328
\BOOKMARK [3][-]{subsubsection.11.21.2}{\376\377\000<\000c\000u\000r\000r\000e\000n\000t\000\040\000f\000o\000r\000m\000>}{subsection.11.21}% 329
\BOOKMARK [3][-]{subsubsection.11.21.3}{\376\377\000d\000i\000f\000f\000e\000r\000e\000n\000c\000e\000\040\000o\000u\000t\000c\000o\000m\000e}{subsection.11.21}% 330
\BOOKMARK [3][-]{subsubsection.11.21.4}{\376\377\000<\000A\000n\000a\000l\000y\000s\000i\000s\000>}{subsection.11.21}% 331
\BOOKMARK [2][-]{subsection.11.22}{\376\377\000C\000a\000p\000t\000u\000r\000e\000\040\000D\000i\000a\000g\000n\000o\000s\000t\000i\000c\000s\000\040\000E\000x\000p\000o\000s\000e\000\040\000A\000r\000t\000i\000f\000i\000c\000i\000a\000l\000\040\000I\000n\000l\000e\000t\000\040\000C\000o\000m\000p\000r\000e\000s\000s\000i\000o\000n}{section.11}% 332
\BOOKMARK [3][-]{subsubsection.11.22.1}{\376\377\000<\000p\000r\000e\000v\000i\000o\000u\000s\000\040\000f\000o\000r\000m\000>}{subsection.11.22}% 333
\BOOKMARK [3][-]{subsubsection.11.22.2}{\376\377\000<\000c\000u\000r\000r\000e\000n\000t\000\040\000f\000o\000r\000m\000>}{subsection.11.22}% 334
\BOOKMARK [3][-]{subsubsection.11.22.3}{\376\377\000d\000i\000f\000f\000e\000r\000e\000n\000c\000e\000\040\000o\000u\000t\000c\000o\000m\000e}{subsection.11.22}% 335
\BOOKMARK [3][-]{subsubsection.11.22.4}{\376\377\000<\000A\000n\000a\000l\000y\000s\000i\000s\000>}{subsection.11.22}% 336
\BOOKMARK [2][-]{subsection.11.23}{\376\377\000H\000o\000r\000i\000z\000o\000n\000t\000a\000l\000\040\000P\000r\000e\000f\000i\000l\000l\000e\000d\000\040\000R\000e\000s\000e\000r\000v\000o\000i\000r\000\040\000R\000e\000s\000e\000t}{section.11}% 337
\BOOKMARK [3][-]{subsubsection.11.23.1}{\376\377\000<\000p\000r\000e\000v\000i\000o\000u\000s\000\040\000f\000o\000r\000m\000>}{subsection.11.23}% 338
\BOOKMARK [3][-]{subsubsection.11.23.2}{\376\377\000<\000c\000u\000r\000r\000e\000n\000t\000\040\000f\000o\000r\000m\000>}{subsection.11.23}% 339
\BOOKMARK [3][-]{subsubsection.11.23.3}{\376\377\000d\000i\000f\000f\000e\000r\000e\000n\000c\000e\000\040\000o\000u\000t\000c\000o\000m\000e}{subsection.11.23}% 340
\BOOKMARK [3][-]{subsubsection.11.23.4}{\376\377\000<\000A\000n\000a\000l\000y\000s\000i\000s\000>}{subsection.11.23}% 341
\BOOKMARK [2][-]{subsection.11.24}{\376\377\000V\000u\000l\000k\000a\000n\000\040\000I\000m\000m\000u\000t\000a\000b\000l\000e\000\040\000V\000e\000l\000o\000c\000i\000t\000y\000\040\000A\000n\000d\000\040\000P\000e\000r\000m\000a\000n\000e\000n\000t\000\040\000D\000e\000a\000t\000h\000\040\000B\000o\000u\000n\000d\000s}{section.11}% 342
\BOOKMARK [3][-]{subsubsection.11.24.1}{\376\377\000<\000p\000r\000e\000v\000i\000o\000u\000s\000\040\000f\000o\000r\000m\000>}{subsection.11.24}% 343
\BOOKMARK [3][-]{subsubsection.11.24.2}{\376\377\000<\000c\000u\000r\000r\000e\000n\000t\000\040\000f\000o\000r\000m\000>}{subsection.11.24}% 344
\BOOKMARK [3][-]{subsubsection.11.24.3}{\376\377\000d\000i\000f\000f\000e\000r\000e\000n\000c\000e\000\040\000o\000u\000t\000c\000o\000m\000e}{subsection.11.24}% 345
\BOOKMARK [3][-]{subsubsection.11.24.4}{\376\377\000<\000A\000n\000a\000l\000y\000s\000i\000s\000>}{subsection.11.24}% 346
\BOOKMARK [2][-]{subsection.11.25}{\376\377\000A\000n\000a\000l\000y\000t\000i\000c\000\040\000M\000o\000v\000i\000n\000g\000\040\000P\000i\000s\000t\000o\000n\000\040\000I\000n\000\040\000P\000y\000t\000h\000o\000n}{section.11}% 347
\BOOKMARK [3][-]{subsubsection.11.25.1}{\376\377\000<\000p\000r\000e\000v\000i\000o\000u\000s\000\040\000f\000o\000r\000m\000>}{subsection.11.25}% 348
\BOOKMARK [3][-]{subsubsection.11.25.2}{\376\377\000<\000c\000u\000r\000r\000e\000n\000t\000\040\000f\000o\000r\000m\000>}{subsection.11.25}% 349
\BOOKMARK [3][-]{subsubsection.11.25.3}{\376\377\000d\000i\000f\000f\000e\000r\000e\000n\000c\000e\000\040\000o\000u\000t\000c\000o\000m\000e}{subsection.11.25}% 350
\BOOKMARK [3][-]{subsubsection.11.25.4}{\376\377\000<\000A\000n\000a\000l\000y\000s\000i\000s\000>}{subsection.11.25}% 351
\BOOKMARK [2][-]{subsection.11.26}{\376\377\000G\000e\000n\000e\000r\000a\000l\000\040\000F\000i\000n\000i\000t\000e\000-\000L\000i\000n\000e\000\040\000C\000h\000a\000m\000b\000e\000r\000\040\000A\000n\000d\000\040\000G\000L\000S\000L\000\040\000E\000x\000p\000o\000r\000t}{section.11}% 352
\BOOKMARK [3][-]{subsubsection.11.26.1}{\376\377\000<\000p\000r\000e\000v\000i\000o\000u\000s\000\040\000f\000o\000r\000m\000>}{subsection.11.26}% 353
\BOOKMARK [3][-]{subsubsection.11.26.2}{\376\377\000<\000c\000u\000r\000r\000e\000n\000t\000\040\000f\000o\000r\000m\000>}{subsection.11.26}% 354
\BOOKMARK [3][-]{subsubsection.11.26.3}{\376\377\000d\000i\000f\000f\000e\000r\000e\000n\000c\000e\000\040\000o\000u\000t\000c\000o\000m\000e}{subsection.11.26}% 355
\BOOKMARK [3][-]{subsubsection.11.26.4}{\376\377\000<\000A\000n\000a\000l\000y\000s\000i\000s\000>}{subsection.11.26}% 356
\BOOKMARK [2][-]{subsection.11.27}{\376\377\000P\000i\000e\000c\000e\000w\000i\000s\000e\000\040\000P\000a\000r\000a\000m\000e\000t\000r\000i\000c\000\040\000C\000D\000\040\000N\000o\000z\000z\000l\000e\000\040\000A\000n\000d\000\040\000V\000u\000l\000k\000a\000n\000\040\000I\000n\000t\000e\000g\000r\000a\000t\000i\000o\000n}{section.11}% 357
\BOOKMARK [3][-]{subsubsection.11.27.1}{\376\377\000<\000p\000r\000e\000v\000i\000o\000u\000s\000\040\000f\000o\000r\000m\000>}{subsection.11.27}% 358
\BOOKMARK [3][-]{subsubsection.11.27.2}{\376\377\000<\000c\000u\000r\000r\000e\000n\000t\000\040\000f\000o\000r\000m\000>}{subsection.11.27}% 359
\BOOKMARK [3][-]{subsubsection.11.27.3}{\376\377\000d\000i\000f\000f\000e\000r\000e\000n\000c\000e\000\040\000o\000u\000t\000c\000o\000m\000e}{subsection.11.27}% 360
\BOOKMARK [3][-]{subsubsection.11.27.4}{\376\377\000<\000A\000n\000a\000l\000y\000s\000i\000s\000>}{subsection.11.27}% 361
\BOOKMARK [2][-]{subsection.11.28}{\376\377\000S\000t\000a\000r\000t\000i\000n\000g\000-\000C\000o\000n\000t\000a\000c\000t\000\040\000E\000f\000f\000e\000c\000t\000i\000v\000e\000-\000R\000a\000d\000i\000u\000s\000\040\000T\000u\000n\000n\000e\000l\000i\000n\000g\000\040\000D\000e\000f\000e\000c\000t}{section.11}% 362
\BOOKMARK [3][-]{subsubsection.11.28.1}{\376\377\000<\000p\000r\000e\000v\000i\000o\000u\000s\000\040\000f\000o\000r\000m\000>}{subsection.11.28}% 363
\BOOKMARK [3][-]{subsubsection.11.28.2}{\376\377\000<\000c\000u\000r\000r\000e\000n\000t\000\040\000f\000o\000r\000m\000>}{subsection.11.28}% 364
\BOOKMARK [3][-]{subsubsection.11.28.3}{\376\377\000d\000i\000f\000f\000e\000r\000e\000n\000c\000e\000\040\000o\000u\000t\000c\000o\000m\000e}{subsection.11.28}% 365
\BOOKMARK [3][-]{subsubsection.11.28.4}{\376\377\000<\000A\000n\000a\000l\000y\000s\000i\000s\000>}{subsection.11.28}% 366
\BOOKMARK [2][-]{subsection.11.29}{\376\377\000G\000e\000n\000e\000r\000i\000c\000\040\000P\000a\000r\000a\000m\000e\000t\000r\000i\000c\000\040\000B\000o\000u\000n\000d\000a\000r\000y\000\040\000M\000i\000g\000r\000a\000t\000i\000o\000n}{section.11}% 367
\BOOKMARK [3][-]{subsubsection.11.29.1}{\376\377\000p\000r\000e\000v\000i\000o\000u\000s\000\040\000f\000o\000r\000m}{subsection.11.29}% 368
\BOOKMARK [3][-]{subsubsection.11.29.2}{\376\377\000c\000u\000r\000r\000e\000n\000t\000\040\000f\000o\000r\000m}{subsection.11.29}% 369
\BOOKMARK [3][-]{subsubsection.11.29.3}{\376\377\000d\000i\000f\000f\000e\000r\000e\000n\000c\000e\000\040\000o\000u\000t\000c\000o\000m\000e}{subsection.11.29}% 370
\BOOKMARK [3][-]{subsubsection.11.29.4}{\376\377\000A\000n\000a\000l\000y\000s\000i\000s}{subsection.11.29}% 371
\BOOKMARK [2][-]{subsection.11.30}{\376\377\000S\000i\000m\000p\000l\000e\000\040\000G\000L\000S\000L\000\040\000R\000e\000s\000t\000a\000r\000t}{section.11}% 372
\BOOKMARK [3][-]{subsubsection.11.30.1}{\376\377\000p\000r\000e\000v\000i\000o\000u\000s\000\040\000f\000o\000r\000m}{subsection.11.30}% 373
\BOOKMARK [3][-]{subsubsection.11.30.2}{\376\377\000c\000u\000r\000r\000e\000n\000t\000\040\000f\000o\000r\000m}{subsection.11.30}% 374
\BOOKMARK [3][-]{subsubsection.11.30.3}{\376\377\000d\000i\000f\000f\000e\000r\000e\000n\000c\000e\000\040\000o\000u\000t\000c\000o\000m\000e}{subsection.11.30}% 375
\BOOKMARK [3][-]{subsubsection.11.30.4}{\376\377\000A\000n\000a\000l\000y\000s\000i\000s}{subsection.11.30}% 376
\BOOKMARK [2][-]{subsection.11.31}{\376\377\000R\000e\000s\000e\000r\000v\000o\000i\000r\000\040\000R\000e\000s\000t\000a\000r\000t\000\040\000O\000n\000\040\000T\000h\000e\000\040\000S\000i\000m\000p\000l\000e\000\040\000C\000o\000n\000t\000r\000a\000c\000t}{section.11}% 377
\BOOKMARK [3][-]{subsubsection.11.31.1}{\376\377\000p\000r\000e\000v\000i\000o\000u\000s\000\040\000f\000o\000r\000m}{subsection.11.31}% 378
\BOOKMARK [3][-]{subsubsection.11.31.2}{\376\377\000c\000u\000r\000r\000e\000n\000t\000\040\000f\000o\000r\000m}{subsection.11.31}% 379
\BOOKMARK [3][-]{subsubsection.11.31.3}{\376\377\000d\000i\000f\000f\000e\000r\000e\000n\000c\000e\000\040\000o\000u\000t\000c\000o\000m\000e}{subsection.11.31}% 380
\BOOKMARK [3][-]{subsubsection.11.31.4}{\376\377\000A\000n\000a\000l\000y\000s\000i\000s}{subsection.11.31}% 381
\BOOKMARK [2][-]{subsection.11.32}{\376\377\000D\000e\000a\000d\000\040\000P\000a\000r\000t\000i\000c\000l\000e\000s\000\040\000I\000n\000\040\000V\000e\000r\000t\000e\000x\000\040\000B\000r\000o\000a\000d\000\040\000P\000h\000a\000s\000e}{section.11}% 382
\BOOKMARK [3][-]{subsubsection.11.32.1}{\376\377\000p\000r\000e\000v\000i\000o\000u\000s\000\040\000f\000o\000r\000m}{subsection.11.32}% 383
\BOOKMARK [3][-]{subsubsection.11.32.2}{\376\377\000c\000u\000r\000r\000e\000n\000t\000\040\000f\000o\000r\000m}{subsection.11.32}% 384
\BOOKMARK [3][-]{subsubsection.11.32.3}{\376\377\000d\000i\000f\000f\000e\000r\000e\000n\000c\000e\000\040\000o\000u\000t\000c\000o\000m\000e}{subsection.11.32}% 385
\BOOKMARK [3][-]{subsubsection.11.32.4}{\376\377\000A\000n\000a\000l\000y\000s\000i\000s}{subsection.11.32}% 386
\BOOKMARK [2][-]{subsection.11.33}{\376\377\000F\000u\000n\000c\000t\000i\000o\000n\000-\000W\000a\000l\000l\000\040\000B\000o\000u\000n\000d\000a\000r\000y\000\040\000M\000o\000d\000e\000l\000\040\000D\000i\000r\000e\000c\000t\000i\000o\000n}{section.11}% 387
\BOOKMARK [3][-]{subsubsection.11.33.1}{\376\377\000p\000r\000e\000v\000i\000o\000u\000s\000\040\000f\000o\000r\000m}{subsection.11.33}% 388
\BOOKMARK [3][-]{subsubsection.11.33.2}{\376\377\000c\000u\000r\000r\000e\000n\000t\000\040\000f\000o\000r\000m}{subsection.11.33}% 389
\BOOKMARK [3][-]{subsubsection.11.33.3}{\376\377\000d\000i\000f\000f\000e\000r\000e\000n\000c\000e\000\040\000o\000u\000t\000c\000o\000m\000e}{subsection.11.33}% 390
\BOOKMARK [3][-]{subsubsection.11.33.4}{\376\377\000A\000n\000a\000l\000y\000s\000i\000s}{subsection.11.33}% 391
\BOOKMARK [2][-]{subsection.11.34}{\376\377\000C\000o\000m\000p\000r\000e\000s\000s\000o\000r\000\040\000P\000i\000s\000t\000o\000n\000\040\000B\000r\000i\000n\000g\000-\000U\000p}{section.11}% 392
\BOOKMARK [3][-]{subsubsection.11.34.1}{\376\377\000p\000r\000e\000v\000i\000o\000u\000s\000\040\000f\000o\000r\000m}{subsection.11.34}% 393
\BOOKMARK [3][-]{subsubsection.11.34.2}{\376\377\000c\000u\000r\000r\000e\000n\000t\000\040\000f\000o\000r\000m}{subsection.11.34}% 394
\BOOKMARK [3][-]{subsubsection.11.34.3}{\376\377\000d\000i\000f\000f\000e\000r\000e\000n\000c\000e\000\040\000o\000u\000t\000c\000o\000m\000e}{subsection.11.34}% 395
\BOOKMARK [3][-]{subsubsection.11.34.4}{\376\377\000A\000n\000a\000l\000y\000s\000i\000s}{subsection.11.34}% 396
\BOOKMARK [2][-]{subsection.11.35}{\376\377\000C\000o\000m\000p\000r\000e\000s\000s\000o\000r\000\040\000O\000v\000e\000r\000c\000o\000m\000p\000r\000e\000s\000s\000i\000o\000n\000\040\000F\000e\000a\000s\000i\000b\000i\000l\000i\000t\000y}{section.11}% 397
\BOOKMARK [3][-]{subsubsection.11.35.1}{\376\377\000p\000r\000e\000v\000i\000o\000u\000s\000\040\000f\000o\000r\000m}{subsection.11.35}% 398
\BOOKMARK [3][-]{subsubsection.11.35.2}{\376\377\000c\000u\000r\000r\000e\000n\000t\000\040\000f\000o\000r\000m}{subsection.11.35}% 399
\BOOKMARK [3][-]{subsubsection.11.35.3}{\376\377\000d\000i\000f\000f\000e\000r\000e\000n\000c\000e\000\040\000o\000u\000t\000c\000o\000m\000e}{subsection.11.35}% 400
\BOOKMARK [3][-]{subsubsection.11.35.4}{\376\377\000A\000n\000a\000l\000y\000s\000i\000s}{subsection.11.35}% 401
\BOOKMARK [2][-]{subsection.11.36}{\376\377\000V\000u\000l\000k\000a\000n\000\040\000F\000r\000a\000m\000e\000\040\000P\000a\000c\000i\000n\000g\000\040\000a\000n\000d\000\040\000C\000o\000n\000t\000a\000c\000t\000\040\000W\000o\000r\000k\000l\000o\000a\000d}{section.11}% 402
\BOOKMARK [3][-]{subsubsection.11.36.1}{\376\377\000p\000r\000e\000v\000i\000o\000u\000s\000\040\000f\000o\000r\000m}{subsection.11.36}% 403
\BOOKMARK [3][-]{subsubsection.11.36.2}{\376\377\000c\000u\000r\000r\000e\000n\000t\000\040\000f\000o\000r\000m}{subsection.11.36}% 404
\BOOKMARK [3][-]{subsubsection.11.36.3}{\376\377\000d\000i\000f\000f\000e\000r\000e\000n\000c\000e\000\040\000o\000u\000t\000c\000o\000m\000e}{subsection.11.36}% 405
\BOOKMARK [3][-]{subsubsection.11.36.4}{\376\377\000A\000n\000a\000l\000y\000s\000i\000s}{subsection.11.36}% 406
\BOOKMARK [2][-]{subsection.11.37}{\376\377\000D\000e\000p\000t\000h\000-\000D\000e\000p\000e\000n\000d\000e\000n\000t\000\040\000C\000o\000n\000t\000a\000c\000t\000\040\000S\000t\000i\000f\000f\000n\000e\000s\000s}{section.11}% 407
\BOOKMARK [3][-]{subsubsection.11.37.1}{\376\377\000p\000r\000e\000v\000i\000o\000u\000s\000\040\000f\000o\000r\000m}{subsection.11.37}% 408
\BOOKMARK [3][-]{subsubsection.11.37.2}{\376\377\000c\000u\000r\000r\000e\000n\000t\000\040\000f\000o\000r\000m}{subsection.11.37}% 409
\BOOKMARK [3][-]{subsubsection.11.37.3}{\376\377\000d\000i\000f\000f\000e\000r\000e\000n\000c\000e\000\040\000o\000u\000t\000c\000o\000m\000e}{subsection.11.37}% 410
\BOOKMARK [3][-]{subsubsection.11.37.4}{\376\377\000A\000n\000a\000l\000y\000s\000i\000s}{subsection.11.37}% 411
\BOOKMARK [3][-]{subsubsection.11.37.5}{\376\377\000i\000m\000p\000l\000e\000m\000e\000n\000t\000a\000t\000i\000o\000n\000\040\000r\000e\000s\000u\000l\000t}{subsection.11.37}% 412
\BOOKMARK [3][-]{subsubsection.11.37.6}{\376\377\000r\000e\000m\000a\000i\000n\000i\000n\000g\000\040\000s\000y\000n\000c\000h\000r\000o\000n\000i\000z\000a\000t\000i\000o\000n}{subsection.11.37}% 413
\BOOKMARK [2][-]{subsection.11.38}{\376\377\000F\000r\000e\000e\000S\000t\000r\000e\000a\000m\000\040\000T\000i\000m\000e\000d\000\040\000R\000e\000l\000e\000a\000s\000e\000\040\000A\000n\000d\000\040\000V\000u\000l\000k\000a\000n\000\040\000D\000e\000b\000u\000g\000\040\000P\000r\000i\000n\000t\000\040\000B\000r\000i\000n\000g\000-\000U\000p}{section.11}% 414
\BOOKMARK [3][-]{subsubsection.11.38.1}{\376\377\000p\000r\000e\000v\000i\000o\000u\000s\000\040\000f\000o\000r\000m}{subsection.11.38}% 415
\BOOKMARK [3][-]{subsubsection.11.38.2}{\376\377\000c\000u\000r\000r\000e\000n\000t\000\040\000f\000o\000r\000m}{subsection.11.38}% 416
\BOOKMARK [3][-]{subsubsection.11.38.3}{\376\377\000d\000i\000f\000f\000e\000r\000e\000n\000c\000e\000\040\000o\000u\000t\000c\000o\000m\000e}{subsection.11.38}% 417
\BOOKMARK [3][-]{subsubsection.11.38.4}{\376\377\000A\000n\000a\000l\000y\000s\000i\000s}{subsection.11.38}% 418
\BOOKMARK [3][-]{subsubsection.11.38.5}{\376\377\000c\000o\000n\000f\000i\000g\000u\000r\000a\000t\000i\000o\000n\000\040\000s\000y\000n\000c\000h\000r\000o\000n\000i\000z\000a\000t\000i\000o\000n}{subsection.11.38}% 419
\BOOKMARK [2][-]{subsection.11.39}{\376\377\000L\000i\000g\000h\000t\000i\000n\000g\000\040\000G\000e\000n\000e\000r\000a\000t\000o\000r\000\040\000U\000s\000e\000s\000\040\000R\000e\000l\000e\000a\000s\000e\000\040\000F\000r\000a\000m\000e\000s}{section.11}% 420
\BOOKMARK [3][-]{subsubsection.11.39.1}{\376\377\000p\000r\000e\000v\000i\000o\000u\000s\000\040\000f\000o\000r\000m}{subsection.11.39}% 421
\BOOKMARK [3][-]{subsubsection.11.39.2}{\376\377\000c\000u\000r\000r\000e\000n\000t\000\040\000f\000o\000r\000m}{subsection.11.39}% 422
\BOOKMARK [3][-]{subsubsection.11.39.3}{\376\377\000d\000i\000f\000f\000e\000r\000e\000n\000c\000e\000\040\000o\000u\000t\000c\000o\000m\000e}{subsection.11.39}% 423
\BOOKMARK [3][-]{subsubsection.11.39.4}{\376\377\000A\000n\000a\000l\000y\000s\000i\000s}{subsection.11.39}% 424
\BOOKMARK [2][-]{subsection.11.40}{\376\377\000P\000y\000t\000h\000o\000n\000\040\000L\000u\000m\000e\000n\000s\000\040\000E\000y\000e\000-\000A\000p\000e\000r\000t\000u\000r\000e\000\040\000V\000i\000s\000u\000a\000l\000i\000z\000a\000t\000i\000o\000n}{section.11}% 425
\BOOKMARK [3][-]{subsubsection.11.40.1}{\376\377\000p\000r\000e\000v\000i\000o\000u\000s\000\040\000f\000o\000r\000m}{subsection.11.40}% 426
\BOOKMARK [3][-]{subsubsection.11.40.2}{\376\377\000c\000u\000r\000r\000e\000n\000t\000\040\000f\000o\000r\000m}{subsection.11.40}% 427
\BOOKMARK [3][-]{subsubsection.11.40.3}{\376\377\000d\000i\000f\000f\000e\000r\000e\000n\000c\000e\000\040\000o\000u\000t\000c\000o\000m\000e}{subsection.11.40}% 428
\BOOKMARK [3][-]{subsubsection.11.40.4}{\376\377\000A\000n\000a\000l\000y\000s\000i\000s}{subsection.11.40}% 429
\BOOKMARK [2][-]{subsection.11.41}{\376\377\000T\000h\000r\000e\000e\000-\000D\000i\000m\000e\000n\000s\000i\000o\000n\000a\000l\000\040\000R\000e\000c\000t\000a\000n\000g\000l\000e\000\040\000W\000a\000l\000l\000s\000\040\000E\000n\000t\000e\000r\000\040\000T\000h\000e\000\040\000S\000i\000m\000p\000l\000e\000\040\000P\000a\000t\000h}{section.11}% 430
\BOOKMARK [3][-]{subsubsection.11.41.1}{\376\377\000p\000r\000e\000v\000i\000o\000u\000s\000\040\000f\000o\000r\000m}{subsection.11.41}% 431
\BOOKMARK [3][-]{subsubsection.11.41.2}{\376\377\000c\000u\000r\000r\000e\000n\000t\000\040\000f\000o\000r\000m}{subsection.11.41}% 432
\BOOKMARK [3][-]{subsubsection.11.41.3}{\376\377\000d\000i\000f\000f\000e\000r\000e\000n\000c\000e\000\040\000o\000u\000t\000c\000o\000m\000e}{subsection.11.41}% 433
\BOOKMARK [3][-]{subsubsection.11.41.4}{\376\377\000A\000n\000a\000l\000y\000s\000i\000s}{subsection.11.41}% 434
\BOOKMARK [2][-]{subsection.11.42}{\376\377\000R\000u\000n\000n\000e\000r\000\040\000S\000e\000l\000e\000c\000t\000i\000o\000n\000\040\000F\000o\000r\000\040\0003\000D\000\040\000L\000u\000m\000e\000n\000s\000\040\000B\000r\000i\000n\000g\000-\000U\000p}{section.11}% 435
\BOOKMARK [3][-]{subsubsection.11.42.1}{\376\377\000p\000r\000e\000v\000i\000o\000u\000s\000\040\000f\000o\000r\000m}{subsection.11.42}% 436
\BOOKMARK [3][-]{subsubsection.11.42.2}{\376\377\000c\000u\000r\000r\000e\000n\000t\000\040\000f\000o\000r\000m}{subsection.11.42}% 437
\BOOKMARK [3][-]{subsubsection.11.42.3}{\376\377\000d\000i\000f\000f\000e\000r\000e\000n\000c\000e\000\040\000o\000u\000t\000c\000o\000m\000e}{subsection.11.42}% 438
\BOOKMARK [3][-]{subsubsection.11.42.4}{\376\377\000A\000n\000a\000l\000y\000s\000i\000s}{subsection.11.42}% 439
\BOOKMARK [2][-]{subsection.11.43}{\376\377\000L\000i\000g\000h\000t\000i\000n\000g\000\040\000I\000n\000\040\0003\000D\000\040\000V\000u\000l\000k\000a\000n\000\040\000B\000o\000u\000n\000d\000a\000r\000y\000\040\000R\000e\000n\000d\000e\000r\000i\000n\000g}{section.11}% 440
\BOOKMARK [3][-]{subsubsection.11.43.1}{\376\377\000p\000r\000e\000v\000i\000o\000u\000s\000\040\000f\000o\000r\000m}{subsection.11.43}% 441
\BOOKMARK [3][-]{subsubsection.11.43.2}{\376\377\000c\000u\000r\000r\000e\000n\000t\000\040\000f\000o\000r\000m}{subsection.11.43}% 442
\BOOKMARK [3][-]{subsubsection.11.43.3}{\376\377\000d\000i\000f\000f\000e\000r\000e\000n\000c\000e\000\040\000o\000u\000t\000c\000o\000m\000e}{subsection.11.43}% 443
\BOOKMARK [3][-]{subsubsection.11.43.4}{\376\377\000A\000n\000a\000l\000y\000s\000i\000s}{subsection.11.43}% 444
\BOOKMARK [2][-]{subsection.11.44}{\376\377\000P\000h\000o\000t\000o\000n\000\040\000M\000a\000t\000e\000r\000i\000a\000l\000\040\000B\000e\000h\000a\000v\000i\000o\000r\000\040\000A\000n\000d\000\040\000T\000h\000r\000e\000e\000-\000D\000i\000m\000e\000n\000s\000i\000o\000n\000a\000l\000\040\000S\000t\000r\000e\000a\000m\000s}{section.11}% 445
\BOOKMARK [3][-]{subsubsection.11.44.1}{\376\377\000p\000r\000e\000v\000i\000o\000u\000s\000\040\000f\000o\000r\000m}{subsection.11.44}% 446
\BOOKMARK [3][-]{subsubsection.11.44.2}{\376\377\000c\000u\000r\000r\000e\000n\000t\000\040\000f\000o\000r\000m}{subsection.11.44}% 447
\BOOKMARK [3][-]{subsubsection.11.44.3}{\376\377\000d\000i\000f\000f\000e\000r\000e\000n\000c\000e\000\040\000o\000u\000t\000c\000o\000m\000e}{subsection.11.44}% 448
\BOOKMARK [3][-]{subsubsection.11.44.4}{\376\377\000A\000n\000a\000l\000y\000s\000i\000s}{subsection.11.44}% 449
\BOOKMARK [2][-]{subsection.11.45}{\376\377\000S\000t\000o\000p\000p\000e\000d\000\040\000V\000u\000l\000k\000a\000n\000\040\000F\000r\000a\000m\000e\000s\000\040\000A\000n\000d\000\040\000S\000i\000m\000u\000l\000a\000t\000i\000o\000n\000\040\000T\000i\000m\000e}{section.11}% 450
\BOOKMARK [3][-]{subsubsection.11.45.1}{\376\377\000p\000r\000e\000v\000i\000o\000u\000s\000\040\000f\000o\000r\000m}{subsection.11.45}% 451
\BOOKMARK [3][-]{subsubsection.11.45.2}{\376\377\000c\000u\000r\000r\000e\000n\000t\000\040\000f\000o\000r\000m}{subsection.11.45}% 452
\BOOKMARK [3][-]{subsubsection.11.45.3}{\376\377\000d\000i\000f\000f\000e\000r\000e\000n\000c\000e\000\040\000o\000u\000t\000c\000o\000m\000e}{subsection.11.45}% 453
\BOOKMARK [3][-]{subsubsection.11.45.4}{\376\377\000A\000n\000a\000l\000y\000s\000i\000s}{subsection.11.45}% 454
\BOOKMARK [2][-]{subsection.11.46}{\376\377\000V\000u\000l\000k\000a\000n\000\040\000S\000h\000a\000d\000e\000r\000\040\000E\000x\000p\000o\000r\000t\000\040\000R\000e\000c\000o\000v\000e\000r\000y}{section.11}% 455
\BOOKMARK [3][-]{subsubsection.11.46.1}{\376\377\000p\000r\000e\000v\000i\000o\000u\000s\000\040\000f\000o\000r\000m}{subsection.11.46}% 456
\BOOKMARK [3][-]{subsubsection.11.46.2}{\376\377\000c\000u\000r\000r\000e\000n\000t\000\040\000f\000o\000r\000m}{subsection.11.46}% 457
\BOOKMARK [3][-]{subsubsection.11.46.3}{\376\377\000d\000i\000f\000f\000e\000r\000e\000n\000c\000e\000\040\000o\000u\000t\000c\000o\000m\000e}{subsection.11.46}% 458
\BOOKMARK [3][-]{subsubsection.11.46.4}{\376\377\000A\000n\000a\000l\000y\000s\000i\000s}{subsection.11.46}% 459
\BOOKMARK [2][-]{subsection.11.47}{\376\377\000C\000a\000t\000h\000e\000d\000r\000a\000l\000\040\000O\000p\000t\000i\000c\000a\000l\000\040\000P\000h\000o\000t\000o\000n\000\040\000E\000x\000p\000o\000r\000t}{section.11}% 460
\BOOKMARK [3][-]{subsubsection.11.47.1}{\376\377\000p\000r\000e\000v\000i\000o\000u\000s\000\040\000f\000o\000r\000m}{subsection.11.47}% 461
\BOOKMARK [3][-]{subsubsection.11.47.2}{\376\377\000c\000u\000r\000r\000e\000n\000t\000\040\000f\000o\000r\000m}{subsection.11.47}% 462
\BOOKMARK [3][-]{subsubsection.11.47.3}{\376\377\000d\000i\000f\000f\000e\000r\000e\000n\000c\000e\000\040\000o\000u\000t\000c\000o\000m\000e}{subsection.11.47}% 463
\BOOKMARK [3][-]{subsubsection.11.47.4}{\376\377\000A\000n\000a\000l\000y\000s\000i\000s}{subsection.11.47}% 464
\BOOKMARK [2][-]{subsection.11.48}{\376\377\000L\000i\000g\000h\000t\000i\000n\000g\000\040\000B\000a\000l\000l\000\040\000S\000p\000h\000e\000r\000e\000\040\000E\000x\000p\000o\000r\000t}{section.11}% 465
\BOOKMARK [3][-]{subsubsection.11.48.1}{\376\377\000p\000r\000e\000v\000i\000o\000u\000s\000\040\000f\000o\000r\000m}{subsection.11.48}% 466
\BOOKMARK [3][-]{subsubsection.11.48.2}{\376\377\000c\000u\000r\000r\000e\000n\000t\000\040\000f\000o\000r\000m}{subsection.11.48}% 467
\BOOKMARK [3][-]{subsubsection.11.48.3}{\376\377\000d\000i\000f\000f\000e\000r\000e\000n\000c\000e\000\040\000o\000u\000t\000c\000o\000m\000e}{subsection.11.48}% 468
\BOOKMARK [3][-]{subsubsection.11.48.4}{\376\377\000A\000n\000a\000l\000y\000s\000i\000s}{subsection.11.48}% 469
\BOOKMARK [1][-]{section.12}{\376\377\000P\000r\000o\000g\000r\000a\000m\000m\000i\000n\000g\000\040\000C\000o\000n\000v\000e\000n\000t\000i\000o\000n\000s}{}% 470
\BOOKMARK [2][-]{subsection.12.1}{\376\377\000F\000i\000l\000e\000\040\000B\000o\000u\000n\000d\000a\000r\000i\000e\000s}{section.12}% 471
\BOOKMARK [2][-]{subsection.12.2}{\376\377\000C\000r\000e\000a\000t\000i\000n\000g\000\040\000N\000e\000w\000\040\000D\000y\000n\000a\000m\000i\000c\000s}{section.12}% 472
\BOOKMARK [2][-]{subsection.12.3}{\376\377\000P\000r\000o\000g\000r\000a\000m\000m\000i\000n\000g\000\040\000S\000t\000y\000l\000e\000s}{section.12}% 473
\BOOKMARK [2][-]{subsection.12.4}{\376\377\000C\000o\000n\000t\000r\000o\000l\000-\000O\000r\000i\000e\000n\000t\000e\000d\000\040\000\050\000H\000i\000e\000r\000a\000r\000c\000h\000i\000c\000a\000l\000\051\000\040\000D\000e\000s\000i\000g\000n}{section.12}% 474
\BOOKMARK [2][-]{subsection.12.5}{\376\377\000D\000a\000t\000a\000-\000O\000r\000i\000e\000n\000t\000e\000d\000\040\000\050\000P\000i\000p\000e\000l\000i\000n\000e\000\051\000\040\000D\000e\000s\000i\000g\000n}{section.12}% 475
\BOOKMARK [2][-]{subsection.12.6}{\376\377\000A\000p\000p\000l\000i\000c\000a\000t\000i\000o\000n\000\040\000t\000o\000\040\000G\000P\000U\000\040\000a\000n\000d\000\040\000H\000P\000C\000\040\000S\000y\000s\000t\000e\000m\000s}{section.12}% 476
\BOOKMARK [2][-]{subsection.12.7}{\376\377\000S\000u\000m\000m\000a\000r\000y}{section.12}% 477
\BOOKMARK [2][-]{subsection.12.8}{\376\377\000S\000o\000u\000r\000c\000e\000-\000C\000o\000m\000p\000l\000e\000t\000e\000\040\000L\000i\000n\000e\000a\000r\000\040\000D\000y\000n\000a\000m\000i\000c\000s}{section.12}% 478
\BOOKMARK [2][-]{subsection.12.9}{\376\377\000I\000n\000t\000e\000r\000a\000c\000t\000i\000v\000e\000\040\000S\000o\000u\000r\000c\000e\000\040\000D\000o\000c\000u\000m\000e\000n\000t\000a\000t\000i\000o\000n}{section.12}% 479
\BOOKMARK [2][-]{subsection.12.10}{\376\377\000N\000a\000m\000i\000n\000g\000\040\000C\000o\000n\000v\000e\000n\000t\000i\000o\000n}{section.12}% 480
\BOOKMARK [2][-]{subsection.12.11}{\376\377\000D\000a\000t\000a\000\040\000C\000o\000n\000v\000e\000n\000t\000i\000o\000n}{section.12}% 481
\BOOKMARK [2][-]{subsection.12.12}{\376\377\000R\000u\000n\000t\000i\000m\000e\000\040\000N\000a\000m\000e\000s}{section.12}% 482
\BOOKMARK [1][-]{section.13}{\376\377\000P\000y\000t\000h\000o\000n\000\040\000C\000o\000n\000f\000i\000g\000u\000r\000a\000t\000i\000o\000n\000\040\000V\000a\000r\000i\000a\000b\000l\000e\000s}{}% 483
\BOOKMARK [2][-]{subsection.13.1}{\376\377\000S\000c\000o\000p\000e}{section.13}% 484
\BOOKMARK [2][-]{subsection.13.2}{\376\377\000G\000e\000n\000e\000r\000a\000t\000o\000r\000\040\000S\000e\000l\000e\000c\000t\000i\000o\000n}{section.13}% 485
\BOOKMARK [2][-]{subsection.13.3}{\376\377\000S\000t\000r\000e\000a\000m\000i\000n\000g\000\040\000I\000n\000p\000u\000t\000s}{section.13}% 486
\BOOKMARK [2][-]{subsection.13.4}{\376\377\000L\000i\000g\000h\000t\000i\000n\000g\000\040\000R\000e\000l\000e\000a\000s\000e\000\040\000I\000n\000p\000u\000t\000s}{section.13}% 487
\BOOKMARK [2][-]{subsection.13.5}{\376\377\000L\000i\000g\000h\000t\000i\000n\000g\000/\000L\000u\000m\000e\000n\000s\000\040\000V\000i\000e\000w\000\040\000I\000n\000p\000u\000t\000s}{section.13}% 488
\BOOKMARK [2][-]{subsection.13.6}{\376\377\000S\000i\000m\000u\000l\000a\000t\000i\000o\000n\000\040\000R\000u\000n\000n\000e\000r\000\040\000S\000e\000l\000e\000c\000t\000i\000o\000n}{section.13}% 489
\BOOKMARK [2][-]{subsection.13.7}{\376\377\000M\000a\000t\000e\000r\000i\000a\000l\000\040\000C\000o\000l\000o\000r\000\040\000S\000c\000h\000e\000m\000e\000s}{section.13}% 490
\BOOKMARK [2][-]{subsection.13.8}{\376\377\000R\000e\000c\000t\000a\000n\000g\000u\000l\000a\000r\000\040\000C\000e\000l\000l\000\040\000D\000o\000m\000a\000i\000n}{section.13}% 491
\BOOKMARK [2][-]{subsection.13.9}{\376\377\000H\000o\000r\000i\000z\000o\000n\000t\000a\000l\000\040\000P\000h\000y\000s\000i\000c\000a\000l\000\040\000B\000o\000u\000n\000d\000s}{section.13}% 492
\BOOKMARK [2][-]{subsection.13.10}{\376\377\000P\000a\000c\000k\000i\000n\000g\000\040\000I\000n\000p\000u\000t\000s}{section.13}% 493
\BOOKMARK [2][-]{subsection.13.11}{\376\377\000P\000i\000s\000t\000o\000n\000\040\000I\000n\000p\000u\000t\000s}{section.13}% 494
\BOOKMARK [2][-]{subsection.13.12}{\376\377\000P\000a\000r\000a\000m\000e\000t\000r\000i\000c\000\040\000W\000a\000l\000l\000\040\000I\000n\000p\000u\000t\000s}{section.13}% 495
\BOOKMARK [2][-]{subsection.13.13}{\376\377\000G\000e\000n\000e\000r\000a\000t\000o\000r\000-\000O\000w\000n\000e\000d\000\040\000W\000a\000l\000l\000\040\000B\000e\000h\000a\000v\000i\000o\000r}{section.13}% 496
\BOOKMARK [2][-]{subsection.13.14}{\376\377\000D\000i\000s\000p\000l\000a\000y\000\040\000A\000n\000d\000\040\000D\000i\000a\000g\000n\000o\000s\000t\000i\000c\000s}{section.13}% 497
